<?xml version="1.0" encoding="UTF-8"?>
<testsuites>
  <testsuite name="/app/tests/phpunit.xml" tests="16" assertions="33" errors="0" failures="0" skipped="0" time="0.010515">
    <testsuite name="unit" tests="16" assertions="33" errors="0" failures="0" skipped="0" time="0.010515">
      <testsuite name="OCA\SouveraShield\Tests\Unit\Service\MailTestServiceDiagnosticsTest" file="/app/tests/unit/Service/MailTestServiceDiagnosticsTest.php" tests="5" assertions="10" errors="0" failures="0" skipped="0" time="0.005262">
        <testcase name="testRelayRejectionMentionsClosedRelayAndRemedies" file="/app/tests/unit/Service/MailTestServiceDiagnosticsTest.php" line="34" class="OCA\SouveraShield\Tests\Unit\Service\MailTestServiceDiagnosticsTest" classname="OCA.SouveraShield.Tests.Unit.Service.MailTestServiceDiagnosticsTest" assertions="3" time="0.004843"/>
        <testcase name="testFivePointSevenPatternIsRecognised" file="/app/tests/unit/Service/MailTestServiceDiagnosticsTest.php" line="44" class="OCA\SouveraShield\Tests\Unit\Service\MailTestServiceDiagnosticsTest" classname="OCA.SouveraShield.Tests.Unit.Service.MailTestServiceDiagnosticsTest" assertions="1" time="0.000132"/>
        <testcase name="testAuthFailureIsRecognised" file="/app/tests/unit/Service/MailTestServiceDiagnosticsTest.php" line="52" class="OCA\SouveraShield\Tests\Unit\Service\MailTestServiceDiagnosticsTest" classname="OCA.SouveraShield.Tests.Unit.Service.MailTestServiceDiagnosticsTest" assertions="2" time="0.000088"/>
        <testcase name="testTlsFailureIsRecognised" file="/app/tests/unit/Service/MailTestServiceDiagnosticsTest.php" line="58" class="OCA\SouveraShield\Tests\Unit\Service\MailTestServiceDiagnosticsTest" classname="OCA.SouveraShield.Tests.Unit.Service.MailTestServiceDiagnosticsTest" assertions="2" time="0.000121"/>
        <testcase name="testUnknownErrorReturnsGenericMessage" file="/app/tests/unit/Service/MailTestServiceDiagnosticsTest.php" line="67" class="OCA\SouveraShield\Tests\Unit\Service\MailTestServiceDiagnosticsTest" classname="OCA.SouveraShield.Tests.Unit.Service.MailTestServiceDiagnosticsTest" assertions="2" time="0.000077"/>
      </testsuite>
      <testsuite name="OCA\SouveraShield\Tests\Unit\Service\PMGClientTest" file="/app/tests/unit/Service/PMGClientTest.php" tests="7" assertions="15" errors="0" failures="0" skipped="0" time="0.004246">
        <testcase name="testIsAllowedDomain" file="/app/tests/unit/Service/PMGClientTest.php" line="70" class="OCA\SouveraShield\Tests\Unit\Service\PMGClientTest" classname="OCA.SouveraShield.Tests.Unit.Service.PMGClientTest" assertions="4" time="0.002273"/>
        <testcase name="testGetSpamQuarantineRejectsDisallowedDomain" file="/app/tests/unit/Service/PMGClientTest.php" line="85" class="OCA\SouveraShield\Tests\Unit\Service\PMGClientTest" classname="OCA.SouveraShield.Tests.Unit.Service.PMGClientTest" assertions="2" time="0.000378"/>
        <testcase name="testLoginFailureThrowsPMGException" file="/app/tests/unit/Service/PMGClientTest.php" line="99" class="OCA\SouveraShield\Tests\Unit\Service\PMGClientTest" classname="OCA.SouveraShield.Tests.Unit.Service.PMGClientTest" assertions="2" time="0.000395"/>
        <testcase name="testGetSpamQuarantineReturnsData" file="/app/tests/unit/Service/PMGClientTest.php" line="117" class="OCA\SouveraShield\Tests\Unit\Service\PMGClientTest" classname="OCA.SouveraShield.Tests.Unit.Service.PMGClientTest" assertions="3" time="0.000375"/>
        <testcase name="testAddToWhitelistBuildsCorrectPayload" file="/app/tests/unit/Service/PMGClientTest.php" line="148" class="OCA\SouveraShield\Tests\Unit\Service\PMGClientTest" classname="OCA.SouveraShield.Tests.Unit.Service.PMGClientTest" assertions="1" time="0.000256"/>
        <testcase name="testAddToWhitelistRejectsEmptyEntry" file="/app/tests/unit/Service/PMGClientTest.php" line="173" class="OCA\SouveraShield\Tests\Unit\Service\PMGClientTest" classname="OCA.SouveraShield.Tests.Unit.Service.PMGClientTest" assertions="1" time="0.000140"/>
        <testcase name="testEncryptedPasswordIsDecryptedOnRead" file="/app/tests/unit/Service/PMGClientTest.php" line="191" class="OCA\SouveraShield\Tests\Unit\Service\PMGClientTest" classname="OCA.SouveraShield.Tests.Unit.Service.PMGClientTest" assertions="2" time="0.000429"/>
      </testsuite>
      <testsuite name="OCA\SouveraShield\Tests\Unit\Service\ProviderToolsClientTest" file="/app/tests/unit/Service/ProviderToolsClientTest.php" tests="4" assertions="8" errors="0" failures="0" skipped="0" time="0.001007">
        <testcase name="testIsConfiguredReturnsFalseWhenCentralIsNotInstalled" file="/app/tests/unit/Service/ProviderToolsClientTest.php" line="59" class="OCA\SouveraShield\Tests\Unit\Service\ProviderToolsClientTest" classname="OCA.SouveraShield.Tests.Unit.Service.ProviderToolsClientTest" assertions="1" time="0.000588"/>
        <testcase name="testCheckDmarcThrowsWithClearMessageWhenCentralMissing" file="/app/tests/unit/Service/ProviderToolsClientTest.php" line="68" class="OCA\SouveraShield\Tests\Unit\Service\ProviderToolsClientTest" classname="OCA.SouveraShield.Tests.Unit.Service.ProviderToolsClientTest" assertions="3" time="0.000188"/>
        <testcase name="testCreateMailTestThrowsWithClearMessageWhenCentralMissing" file="/app/tests/unit/Service/ProviderToolsClientTest.php" line="83" class="OCA\SouveraShield\Tests\Unit\Service\ProviderToolsClientTest" classname="OCA.SouveraShield.Tests.Unit.Service.ProviderToolsClientTest" assertions="3" time="0.000139"/>
        <testcase name="testDefaultBaseUrlIsUsedWhenNoOverride" file="/app/tests/unit/Service/ProviderToolsClientTest.php" line="96" class="OCA\SouveraShield\Tests\Unit\Service\ProviderToolsClientTest" classname="OCA.SouveraShield.Tests.Unit.Service.ProviderToolsClientTest" assertions="1" time="0.000092"/>
      </testsuite>
    </testsuite>
  </testsuite>
</testsuites>
