<?xml version="1.0" encoding="UTF-8"?>
<testsuites>
  <testsuite name="/app/tests/phpunit.xml" tests="39" assertions="102" errors="0" failures="0" skipped="0" time="6.415597">
    <testsuite name="unit" tests="39" assertions="102" errors="0" failures="0" skipped="0" time="6.415597">
      <testsuite name="OCA\SouveraShield\Tests\Unit\BackgroundJob\PollQuarantineJobRetryTest" file="/app/tests/unit/BackgroundJob/PollQuarantineJobRetryTest.php" tests="4" assertions="8" errors="0" failures="0" skipped="0" time="6.407694">
        <testcase name="testSucceedsOnFirstAttempt" file="/app/tests/unit/BackgroundJob/PollQuarantineJobRetryTest.php" line="43" class="OCA\SouveraShield\Tests\Unit\BackgroundJob\PollQuarantineJobRetryTest" classname="OCA.SouveraShield.Tests.Unit.BackgroundJob.PollQuarantineJobRetryTest" assertions="2" time="0.005934"/>
        <testcase name="testRetriesFourTimesOnTransientErrorsAndThenReturnsNull" file="/app/tests/unit/BackgroundJob/PollQuarantineJobRetryTest.php" line="59" class="OCA\SouveraShield\Tests\Unit\BackgroundJob\PollQuarantineJobRetryTest" classname="OCA.SouveraShield.Tests.Unit.BackgroundJob.PollQuarantineJobRetryTest" assertions="2" time="6.201025"/>
        <testcase name="testDoesNotRetryOnPermanentClientError" file="/app/tests/unit/BackgroundJob/PollQuarantineJobRetryTest.php" line="80" class="OCA\SouveraShield\Tests\Unit\BackgroundJob\PollQuarantineJobRetryTest" classname="OCA.SouveraShield.Tests.Unit.BackgroundJob.PollQuarantineJobRetryTest" assertions="2" time="0.000238"/>
        <testcase name="testRecoversAfterOneTransientError" file="/app/tests/unit/BackgroundJob/PollQuarantineJobRetryTest.php" line="96" class="OCA\SouveraShield\Tests\Unit\BackgroundJob\PollQuarantineJobRetryTest" classname="OCA.SouveraShield.Tests.Unit.BackgroundJob.PollQuarantineJobRetryTest" assertions="2" time="0.200496"/>
      </testsuite>
      <testsuite name="OCA\SouveraShield\Tests\Unit\Dashboard\QuarantineWidgetInterfacesTest" file="/app/tests/unit/Dashboard/QuarantineWidgetInterfacesTest.php" tests="4" assertions="10" errors="0" failures="0" skipped="0" time="0.001140">
        <testcase name="testWidgetImplementsAllRequiredInterfaces" file="/app/tests/unit/Dashboard/QuarantineWidgetInterfacesTest.php" line="26" class="OCA\SouveraShield\Tests\Unit\Dashboard\QuarantineWidgetInterfacesTest" classname="OCA.SouveraShield.Tests.Unit.Dashboard.QuarantineWidgetInterfacesTest" assertions="3" time="0.000404"/>
        <testcase name="testWidgetHasGetItemsV2Method" file="/app/tests/unit/Dashboard/QuarantineWidgetInterfacesTest.php" line="36" class="OCA\SouveraShield\Tests\Unit\Dashboard\QuarantineWidgetInterfacesTest" classname="OCA.SouveraShield.Tests.Unit.Dashboard.QuarantineWidgetInterfacesTest" assertions="2" time="0.000069"/>
        <testcase name="testWidgetHasGetIconUrlMethod" file="/app/tests/unit/Dashboard/QuarantineWidgetInterfacesTest.php" line="45" class="OCA\SouveraShield\Tests\Unit\Dashboard\QuarantineWidgetInterfacesTest" classname="OCA.SouveraShield.Tests.Unit.Dashboard.QuarantineWidgetInterfacesTest" assertions="2" time="0.000048"/>
        <testcase name="testGetTitleReturnsShorterMailQuarantineLabel" file="/app/tests/unit/Dashboard/QuarantineWidgetInterfacesTest.php" line="54" class="OCA\SouveraShield\Tests\Unit\Dashboard\QuarantineWidgetInterfacesTest" classname="OCA.SouveraShield.Tests.Unit.Dashboard.QuarantineWidgetInterfacesTest" assertions="3" time="0.000619"/>
      </testsuite>
      <testsuite name="OCA\SouveraShield\Tests\Unit\Service\MailTestRelayConfigTest" file="/app/tests/unit/Service/MailTestRelayConfigTest.php" tests="11" assertions="31" errors="0" failures="0" skipped="0" time="0.000784">
        <testcase name="testFromFullSystemConfigYieldsRelayForHttpsUrl" file="/app/tests/unit/Service/MailTestRelayConfigTest.php" line="18" class="OCA\SouveraShield\Tests\Unit\Service\MailTestRelayConfigTest" classname="OCA.SouveraShield.Tests.Unit.Service.MailTestRelayConfigTest" assertions="6" time="0.000204"/>
        <testcase name="testMissingApiUrlYieldsNull" file="/app/tests/unit/Service/MailTestRelayConfigTest.php" line="32" class="OCA\SouveraShield\Tests\Unit\Service\MailTestRelayConfigTest" classname="OCA.SouveraShield.Tests.Unit.Service.MailTestRelayConfigTest" assertions="3" time="0.000055"/>
        <testcase name="testMissingAdminUserYieldsNull" file="/app/tests/unit/Service/MailTestRelayConfigTest.php" line="38" class="OCA\SouveraShield\Tests\Unit\Service\MailTestRelayConfigTest" classname="OCA.SouveraShield.Tests.Unit.Service.MailTestRelayConfigTest" assertions="3" time="0.000052"/>
        <testcase name="testMissingAdminPasswordYieldsNull" file="/app/tests/unit/Service/MailTestRelayConfigTest.php" line="44" class="OCA\SouveraShield\Tests\Unit\Service\MailTestRelayConfigTest" classname="OCA.SouveraShield.Tests.Unit.Service.MailTestRelayConfigTest" assertions="2" time="0.000042"/>
        <testcase name="testBareHostnameWithoutSchemeIsAccepted" file="/app/tests/unit/Service/MailTestRelayConfigTest.php" line="49" class="OCA\SouveraShield\Tests\Unit\Service\MailTestRelayConfigTest" classname="OCA.SouveraShield.Tests.Unit.Service.MailTestRelayConfigTest" assertions="2" time="0.000070"/>
        <testcase name="testBareHostnameWithPortStripsThePort" file="/app/tests/unit/Service/MailTestRelayConfigTest.php" line="55" class="OCA\SouveraShield\Tests\Unit\Service\MailTestRelayConfigTest" classname="OCA.SouveraShield.Tests.Unit.Service.MailTestRelayConfigTest" assertions="2" time="0.000048"/>
        <testcase name="testHttpSchemeYieldsPlainHost" file="/app/tests/unit/Service/MailTestRelayConfigTest.php" line="61" class="OCA\SouveraShield\Tests\Unit\Service\MailTestRelayConfigTest" classname="OCA.SouveraShield.Tests.Unit.Service.MailTestRelayConfigTest" assertions="2" time="0.000046"/>
        <testcase name="testWhitespaceIsTrimmed" file="/app/tests/unit/Service/MailTestRelayConfigTest.php" line="67" class="OCA\SouveraShield\Tests\Unit\Service\MailTestRelayConfigTest" classname="OCA.SouveraShield.Tests.Unit.Service.MailTestRelayConfigTest" assertions="3" time="0.000047"/>
        <testcase name="testPortOverrideIsHonored" file="/app/tests/unit/Service/MailTestRelayConfigTest.php" line="78" class="OCA\SouveraShield\Tests\Unit\Service\MailTestRelayConfigTest" classname="OCA.SouveraShield.Tests.Unit.Service.MailTestRelayConfigTest" assertions="3" time="0.000111"/>
        <testcase name="testInvalidPortOverrideFallsBackToDefault" file="/app/tests/unit/Service/MailTestRelayConfigTest.php" line="90" class="OCA\SouveraShield\Tests\Unit\Service\MailTestRelayConfigTest" classname="OCA.SouveraShield.Tests.Unit.Service.MailTestRelayConfigTest" assertions="2" time="0.000054"/>
        <testcase name="testPort587ExplicitlyOverridesToStartTls" file="/app/tests/unit/Service/MailTestRelayConfigTest.php" line="101" class="OCA\SouveraShield\Tests\Unit\Service\MailTestRelayConfigTest" classname="OCA.SouveraShield.Tests.Unit.Service.MailTestRelayConfigTest" assertions="3" time="0.000054"/>
      </testsuite>
      <testsuite name="OCA\SouveraShield\Tests\Unit\Service\MailTestServiceDiagnosticsTest" file="/app/tests/unit/Service/MailTestServiceDiagnosticsTest.php" tests="9" assertions="30" errors="0" failures="0" skipped="0" time="0.002823">
        <testcase name="testConfigStageMentionsThreeKeys" file="/app/tests/unit/Service/MailTestServiceDiagnosticsTest.php" line="60" class="OCA\SouveraShield\Tests\Unit\Service\MailTestServiceDiagnosticsTest" classname="OCA.SouveraShield.Tests.Unit.Service.MailTestServiceDiagnosticsTest" assertions="4" time="0.001825"/>
        <testcase name="testConnectStageMentionsApiUrlAndPortKey" file="/app/tests/unit/Service/MailTestServiceDiagnosticsTest.php" line="74" class="OCA\SouveraShield\Tests\Unit\Service\MailTestServiceDiagnosticsTest" classname="OCA.SouveraShield.Tests.Unit.Service.MailTestServiceDiagnosticsTest" assertions="3" time="0.000119"/>
        <testcase name="testStarttlsStageMentionsPortKey" file="/app/tests/unit/Service/MailTestServiceDiagnosticsTest.php" line="84" class="OCA\SouveraShield\Tests\Unit\Service\MailTestServiceDiagnosticsTest" classname="OCA.SouveraShield.Tests.Unit.Service.MailTestServiceDiagnosticsTest" assertions="2" time="0.000092"/>
        <testcase name="testAuthStageMentionsAdminKeys" file="/app/tests/unit/Service/MailTestServiceDiagnosticsTest.php" line="93" class="OCA\SouveraShield\Tests\Unit\Service\MailTestServiceDiagnosticsTest" classname="OCA.SouveraShield.Tests.Unit.Service.MailTestServiceDiagnosticsTest" assertions="4" time="0.000096"/>
        <testcase name="testFromStageMentionsEmailsField" file="/app/tests/unit/Service/MailTestServiceDiagnosticsTest.php" line="104" class="OCA\SouveraShield\Tests\Unit\Service\MailTestServiceDiagnosticsTest" classname="OCA.SouveraShield.Tests.Unit.Service.MailTestServiceDiagnosticsTest" assertions="4" time="0.000092"/>
        <testcase name="testRcptStageMentionsRelayPolicy" file="/app/tests/unit/Service/MailTestServiceDiagnosticsTest.php" line="115" class="OCA\SouveraShield\Tests\Unit\Service\MailTestServiceDiagnosticsTest" classname="OCA.SouveraShield.Tests.Unit.Service.MailTestServiceDiagnosticsTest" assertions="3" time="0.000085"/>
        <testcase name="testDataStageMentionsContentFilter" file="/app/tests/unit/Service/MailTestServiceDiagnosticsTest.php" line="125" class="OCA\SouveraShield\Tests\Unit\Service\MailTestServiceDiagnosticsTest" classname="OCA.SouveraShield.Tests.Unit.Service.MailTestServiceDiagnosticsTest" assertions="2" time="0.000081"/>
        <testcase name="testUnknownStageReturnsRelayInfoAndRaw" file="/app/tests/unit/Service/MailTestServiceDiagnosticsTest.php" line="134" class="OCA\SouveraShield\Tests\Unit\Service\MailTestServiceDiagnosticsTest" classname="OCA.SouveraShield.Tests.Unit.Service.MailTestServiceDiagnosticsTest" assertions="3" time="0.000084"/>
        <testcase name="testTruncateForDbLimitsLongMessages" file="/app/tests/unit/Service/MailTestServiceDiagnosticsTest.php" line="144" class="OCA\SouveraShield\Tests\Unit\Service\MailTestServiceDiagnosticsTest" classname="OCA.SouveraShield.Tests.Unit.Service.MailTestServiceDiagnosticsTest" assertions="5" time="0.000349"/>
      </testsuite>
      <testsuite name="OCA\SouveraShield\Tests\Unit\Service\PMGClientTest" file="/app/tests/unit/Service/PMGClientTest.php" tests="7" assertions="15" errors="0" failures="0" skipped="0" time="0.002354">
        <testcase name="testIsAllowedDomain" file="/app/tests/unit/Service/PMGClientTest.php" line="70" class="OCA\SouveraShield\Tests\Unit\Service\PMGClientTest" classname="OCA.SouveraShield.Tests.Unit.Service.PMGClientTest" assertions="4" time="0.000864"/>
        <testcase name="testGetSpamQuarantineRejectsDisallowedDomain" file="/app/tests/unit/Service/PMGClientTest.php" line="85" class="OCA\SouveraShield\Tests\Unit\Service\PMGClientTest" classname="OCA.SouveraShield.Tests.Unit.Service.PMGClientTest" assertions="2" time="0.000323"/>
        <testcase name="testLoginFailureThrowsPMGException" file="/app/tests/unit/Service/PMGClientTest.php" line="99" class="OCA\SouveraShield\Tests\Unit\Service\PMGClientTest" classname="OCA.SouveraShield.Tests.Unit.Service.PMGClientTest" assertions="2" time="0.000290"/>
        <testcase name="testGetSpamQuarantineReturnsData" file="/app/tests/unit/Service/PMGClientTest.php" line="117" class="OCA\SouveraShield\Tests\Unit\Service\PMGClientTest" classname="OCA.SouveraShield.Tests.Unit.Service.PMGClientTest" assertions="3" time="0.000302"/>
        <testcase name="testAddToWhitelistBuildsCorrectPayload" file="/app/tests/unit/Service/PMGClientTest.php" line="148" class="OCA\SouveraShield\Tests\Unit\Service\PMGClientTest" classname="OCA.SouveraShield.Tests.Unit.Service.PMGClientTest" assertions="1" time="0.000170"/>
        <testcase name="testAddToWhitelistRejectsEmptyEntry" file="/app/tests/unit/Service/PMGClientTest.php" line="173" class="OCA\SouveraShield\Tests\Unit\Service\PMGClientTest" classname="OCA.SouveraShield.Tests.Unit.Service.PMGClientTest" assertions="1" time="0.000130"/>
        <testcase name="testEncryptedPasswordIsDecryptedOnRead" file="/app/tests/unit/Service/PMGClientTest.php" line="191" class="OCA\SouveraShield\Tests\Unit\Service\PMGClientTest" classname="OCA.SouveraShield.Tests.Unit.Service.PMGClientTest" assertions="2" time="0.000275"/>
      </testsuite>
      <testsuite name="OCA\SouveraShield\Tests\Unit\Service\ProviderToolsClientTest" file="/app/tests/unit/Service/ProviderToolsClientTest.php" tests="4" assertions="8" errors="0" failures="0" skipped="0" time="0.000802">
        <testcase name="testIsConfiguredReturnsFalseWhenCentralIsNotInstalled" file="/app/tests/unit/Service/ProviderToolsClientTest.php" line="59" class="OCA\SouveraShield\Tests\Unit\Service\ProviderToolsClientTest" classname="OCA.SouveraShield.Tests.Unit.Service.ProviderToolsClientTest" assertions="1" time="0.000408"/>
        <testcase name="testCheckDmarcThrowsWithClearMessageWhenCentralMissing" file="/app/tests/unit/Service/ProviderToolsClientTest.php" line="68" class="OCA\SouveraShield\Tests\Unit\Service\ProviderToolsClientTest" classname="OCA.SouveraShield.Tests.Unit.Service.ProviderToolsClientTest" assertions="3" time="0.000179"/>
        <testcase name="testCreateMailTestThrowsWithClearMessageWhenCentralMissing" file="/app/tests/unit/Service/ProviderToolsClientTest.php" line="83" class="OCA\SouveraShield\Tests\Unit\Service\ProviderToolsClientTest" classname="OCA.SouveraShield.Tests.Unit.Service.ProviderToolsClientTest" assertions="3" time="0.000129"/>
        <testcase name="testDefaultBaseUrlIsUsedWhenNoOverride" file="/app/tests/unit/Service/ProviderToolsClientTest.php" line="96" class="OCA\SouveraShield\Tests\Unit\Service\ProviderToolsClientTest" classname="OCA.SouveraShield.Tests.Unit.Service.ProviderToolsClientTest" assertions="1" time="0.000086"/>
      </testsuite>
    </testsuite>
  </testsuite>
</testsuites>
