<?xml version="1.0" encoding="UTF-8"?>
<testsuites>
  <testsuite name="/app/tests/phpunit.xml" tests="40" assertions="104" errors="0" failures="0" skipped="0" time="6.416010">
    <testsuite name="unit" tests="40" assertions="104" errors="0" failures="0" skipped="0" time="6.416010">
      <testsuite name="OCA\SouveraShield\Tests\Unit\BackgroundJob\PollQuarantineJobRetryTest" file="/app/tests/unit/BackgroundJob/PollQuarantineJobRetryTest.php" tests="4" assertions="8" errors="0" failures="0" skipped="0" time="6.407571">
        <testcase name="testSucceedsOnFirstAttempt" file="/app/tests/unit/BackgroundJob/PollQuarantineJobRetryTest.php" line="43" class="OCA\SouveraShield\Tests\Unit\BackgroundJob\PollQuarantineJobRetryTest" classname="OCA.SouveraShield.Tests.Unit.BackgroundJob.PollQuarantineJobRetryTest" assertions="2" time="0.005786"/>
        <testcase name="testRetriesFourTimesOnTransientErrorsAndThenReturnsNull" file="/app/tests/unit/BackgroundJob/PollQuarantineJobRetryTest.php" line="59" class="OCA\SouveraShield\Tests\Unit\BackgroundJob\PollQuarantineJobRetryTest" classname="OCA.SouveraShield.Tests.Unit.BackgroundJob.PollQuarantineJobRetryTest" assertions="2" time="6.201094"/>
        <testcase name="testDoesNotRetryOnPermanentClientError" file="/app/tests/unit/BackgroundJob/PollQuarantineJobRetryTest.php" line="80" class="OCA\SouveraShield\Tests\Unit\BackgroundJob\PollQuarantineJobRetryTest" classname="OCA.SouveraShield.Tests.Unit.BackgroundJob.PollQuarantineJobRetryTest" assertions="2" time="0.000225"/>
        <testcase name="testRecoversAfterOneTransientError" file="/app/tests/unit/BackgroundJob/PollQuarantineJobRetryTest.php" line="96" class="OCA\SouveraShield\Tests\Unit\BackgroundJob\PollQuarantineJobRetryTest" classname="OCA.SouveraShield.Tests.Unit.BackgroundJob.PollQuarantineJobRetryTest" assertions="2" time="0.200466"/>
      </testsuite>
      <testsuite name="OCA\SouveraShield\Tests\Unit\Dashboard\QuarantineWidgetInterfacesTest" file="/app/tests/unit/Dashboard/QuarantineWidgetInterfacesTest.php" tests="5" assertions="14" errors="0" failures="0" skipped="0" time="0.001291">
        <testcase name="testWidgetImplementsAllRequiredInterfaces" file="/app/tests/unit/Dashboard/QuarantineWidgetInterfacesTest.php" line="26" class="OCA\SouveraShield\Tests\Unit\Dashboard\QuarantineWidgetInterfacesTest" classname="OCA.SouveraShield.Tests.Unit.Dashboard.QuarantineWidgetInterfacesTest" assertions="3" time="0.000388"/>
        <testcase name="testWidgetHasGetItemsV2Method" file="/app/tests/unit/Dashboard/QuarantineWidgetInterfacesTest.php" line="36" class="OCA\SouveraShield\Tests\Unit\Dashboard\QuarantineWidgetInterfacesTest" classname="OCA.SouveraShield.Tests.Unit.Dashboard.QuarantineWidgetInterfacesTest" assertions="2" time="0.000069"/>
        <testcase name="testWidgetHasGetIconUrlMethod" file="/app/tests/unit/Dashboard/QuarantineWidgetInterfacesTest.php" line="45" class="OCA\SouveraShield\Tests\Unit\Dashboard\QuarantineWidgetInterfacesTest" classname="OCA.SouveraShield.Tests.Unit.Dashboard.QuarantineWidgetInterfacesTest" assertions="2" time="0.000051"/>
        <testcase name="testGetIconUrlPointsAtDedicatedDashboardSvg" file="/app/tests/unit/Dashboard/QuarantineWidgetInterfacesTest.php" line="54" class="OCA\SouveraShield\Tests\Unit\Dashboard\QuarantineWidgetInterfacesTest" classname="OCA.SouveraShield.Tests.Unit.Dashboard.QuarantineWidgetInterfacesTest" assertions="4" time="0.000653"/>
        <testcase name="testGetTitleReturnsShorterMailQuarantineLabel" file="/app/tests/unit/Dashboard/QuarantineWidgetInterfacesTest.php" line="66" class="OCA\SouveraShield\Tests\Unit\Dashboard\QuarantineWidgetInterfacesTest" classname="OCA.SouveraShield.Tests.Unit.Dashboard.QuarantineWidgetInterfacesTest" assertions="3" time="0.000130"/>
      </testsuite>
      <testsuite name="OCA\SouveraShield\Tests\Unit\Service\MailTestRelayConfigTest" file="/app/tests/unit/Service/MailTestRelayConfigTest.php" tests="9" assertions="28" errors="0" failures="0" skipped="0" time="0.000914">
        <testcase name="testFromFullNextcloudConfigYieldsRelay" file="/app/tests/unit/Service/MailTestRelayConfigTest.php" line="33" class="OCA\SouveraShield\Tests\Unit\Service\MailTestRelayConfigTest" classname="OCA.SouveraShield.Tests.Unit.Service.MailTestRelayConfigTest" assertions="8" time="0.000313"/>
        <testcase name="testMissingHostYieldsNull" file="/app/tests/unit/Service/MailTestRelayConfigTest.php" line="52" class="OCA\SouveraShield\Tests\Unit\Service\MailTestRelayConfigTest" classname="OCA.SouveraShield.Tests.Unit.Service.MailTestRelayConfigTest" assertions="3" time="0.000107"/>
        <testcase name="testDefaultPort25WhenNotConfigured" file="/app/tests/unit/Service/MailTestRelayConfigTest.php" line="62" class="OCA\SouveraShield\Tests\Unit\Service\MailTestRelayConfigTest" classname="OCA.SouveraShield.Tests.Unit.Service.MailTestRelayConfigTest" assertions="2" time="0.000078"/>
        <testcase name="testAuthAutoEnabledWhenSmtpNameSet" file="/app/tests/unit/Service/MailTestRelayConfigTest.php" line="70" class="OCA\SouveraShield\Tests\Unit\Service\MailTestRelayConfigTest" classname="OCA.SouveraShield.Tests.Unit.Service.MailTestRelayConfigTest" assertions="2" time="0.000080"/>
        <testcase name="testAuthDisabledWhenNeitherFlagNorUserSet" file="/app/tests/unit/Service/MailTestRelayConfigTest.php" line="82" class="OCA\SouveraShield\Tests\Unit\Service\MailTestRelayConfigTest" classname="OCA.SouveraShield.Tests.Unit.Service.MailTestRelayConfigTest" assertions="3" time="0.000074"/>
        <testcase name="testPort465AutoUpgradesToSslWhenSecureNotSet" file="/app/tests/unit/Service/MailTestRelayConfigTest.php" line="91" class="OCA\SouveraShield\Tests\Unit\Service\MailTestRelayConfigTest" classname="OCA.SouveraShield.Tests.Unit.Service.MailTestRelayConfigTest" assertions="4" time="0.000076"/>
        <testcase name="testInvalidSecureFallsBackToNone" file="/app/tests/unit/Service/MailTestRelayConfigTest.php" line="102" class="OCA\SouveraShield\Tests\Unit\Service\MailTestRelayConfigTest" classname="OCA.SouveraShield.Tests.Unit.Service.MailTestRelayConfigTest" assertions="2" time="0.000063"/>
        <testcase name="testIntegerPortIsAccepted" file="/app/tests/unit/Service/MailTestRelayConfigTest.php" line="111" class="OCA\SouveraShield\Tests\Unit\Service\MailTestRelayConfigTest" classname="OCA.SouveraShield.Tests.Unit.Service.MailTestRelayConfigTest" assertions="2" time="0.000060"/>
        <testcase name="testInvalidPortFallsBackTo25" file="/app/tests/unit/Service/MailTestRelayConfigTest.php" line="120" class="OCA\SouveraShield\Tests\Unit\Service\MailTestRelayConfigTest" classname="OCA.SouveraShield.Tests.Unit.Service.MailTestRelayConfigTest" assertions="2" time="0.000061"/>
      </testsuite>
      <testsuite name="OCA\SouveraShield\Tests\Unit\Service\MailTestServiceDiagnosticsTest" file="/app/tests/unit/Service/MailTestServiceDiagnosticsTest.php" tests="11" assertions="31" errors="0" failures="0" skipped="0" time="0.003124">
        <testcase name="testConfigStageMentionsNextcloudMailSettings" file="/app/tests/unit/Service/MailTestServiceDiagnosticsTest.php" line="63" class="OCA\SouveraShield\Tests\Unit\Service\MailTestServiceDiagnosticsTest" classname="OCA.SouveraShield.Tests.Unit.Service.MailTestServiceDiagnosticsTest" assertions="3" time="0.001852"/>
        <testcase name="testConnectStageMentionsSmtphostAndAdminUi" file="/app/tests/unit/Service/MailTestServiceDiagnosticsTest.php" line="76" class="OCA\SouveraShield\Tests\Unit\Service\MailTestServiceDiagnosticsTest" classname="OCA.SouveraShield.Tests.Unit.Service.MailTestServiceDiagnosticsTest" assertions="4" time="0.000126"/>
        <testcase name="testStarttlsStageMentionsMailSmtpsecureKey" file="/app/tests/unit/Service/MailTestServiceDiagnosticsTest.php" line="87" class="OCA\SouveraShield\Tests\Unit\Service\MailTestServiceDiagnosticsTest" classname="OCA.SouveraShield.Tests.Unit.Service.MailTestServiceDiagnosticsTest" assertions="2" time="0.000095"/>
        <testcase name="testAuthStageMentionsSmtpnameAndPasswordKeys" file="/app/tests/unit/Service/MailTestServiceDiagnosticsTest.php" line="96" class="OCA\SouveraShield\Tests\Unit\Service\MailTestServiceDiagnosticsTest" classname="OCA.SouveraShield.Tests.Unit.Service.MailTestServiceDiagnosticsTest" assertions="3" time="0.000100"/>
        <testcase name="testFromStageMentionsMailFromAddressAndMailDomain" file="/app/tests/unit/Service/MailTestServiceDiagnosticsTest.php" line="106" class="OCA\SouveraShield\Tests\Unit\Service\MailTestServiceDiagnosticsTest" classname="OCA.SouveraShield.Tests.Unit.Service.MailTestServiceDiagnosticsTest" assertions="4" time="0.000094"/>
        <testcase name="testRcptStageMentionsExternalRecipient" file="/app/tests/unit/Service/MailTestServiceDiagnosticsTest.php" line="117" class="OCA\SouveraShield\Tests\Unit\Service\MailTestServiceDiagnosticsTest" classname="OCA.SouveraShield.Tests.Unit.Service.MailTestServiceDiagnosticsTest" assertions="3" time="0.000099"/>
        <testcase name="testDataStageMentionsContentFilter" file="/app/tests/unit/Service/MailTestServiceDiagnosticsTest.php" line="127" class="OCA\SouveraShield\Tests\Unit\Service\MailTestServiceDiagnosticsTest" classname="OCA.SouveraShield.Tests.Unit.Service.MailTestServiceDiagnosticsTest" assertions="2" time="0.000079"/>
        <testcase name="testUnknownStageReturnsRelayInfoAndRaw" file="/app/tests/unit/Service/MailTestServiceDiagnosticsTest.php" line="136" class="OCA\SouveraShield\Tests\Unit\Service\MailTestServiceDiagnosticsTest" classname="OCA.SouveraShield.Tests.Unit.Service.MailTestServiceDiagnosticsTest" assertions="3" time="0.000085"/>
        <testcase name="testTruncateForDbLimitsLongMessages" file="/app/tests/unit/Service/MailTestServiceDiagnosticsTest.php" line="146" class="OCA\SouveraShield\Tests\Unit\Service\MailTestServiceDiagnosticsTest" classname="OCA.SouveraShield.Tests.Unit.Service.MailTestServiceDiagnosticsTest" assertions="5" time="0.000330"/>
        <testcase name="testDeriveFromAddressUsesMailFromAddressAndMailDomain" file="/app/tests/unit/Service/MailTestServiceDiagnosticsTest.php" line="173" class="OCA\SouveraShield\Tests\Unit\Service\MailTestServiceDiagnosticsTest" classname="OCA.SouveraShield.Tests.Unit.Service.MailTestServiceDiagnosticsTest" assertions="1" time="0.000169"/>
        <testcase name="testDeriveFromAddressFallsBackWhenSettingsMissing" file="/app/tests/unit/Service/MailTestServiceDiagnosticsTest.php" line="194" class="OCA\SouveraShield\Tests\Unit\Service\MailTestServiceDiagnosticsTest" classname="OCA.SouveraShield.Tests.Unit.Service.MailTestServiceDiagnosticsTest" assertions="1" time="0.000096"/>
      </testsuite>
      <testsuite name="OCA\SouveraShield\Tests\Unit\Service\PMGClientTest" file="/app/tests/unit/Service/PMGClientTest.php" tests="7" assertions="15" errors="0" failures="0" skipped="0" time="0.002296">
        <testcase name="testIsAllowedDomain" file="/app/tests/unit/Service/PMGClientTest.php" line="70" class="OCA\SouveraShield\Tests\Unit\Service\PMGClientTest" classname="OCA.SouveraShield.Tests.Unit.Service.PMGClientTest" assertions="4" time="0.000762"/>
        <testcase name="testGetSpamQuarantineRejectsDisallowedDomain" file="/app/tests/unit/Service/PMGClientTest.php" line="85" class="OCA\SouveraShield\Tests\Unit\Service\PMGClientTest" classname="OCA.SouveraShield.Tests.Unit.Service.PMGClientTest" assertions="2" time="0.000357"/>
        <testcase name="testLoginFailureThrowsPMGException" file="/app/tests/unit/Service/PMGClientTest.php" line="99" class="OCA\SouveraShield\Tests\Unit\Service\PMGClientTest" classname="OCA.SouveraShield.Tests.Unit.Service.PMGClientTest" assertions="2" time="0.000284"/>
        <testcase name="testGetSpamQuarantineReturnsData" file="/app/tests/unit/Service/PMGClientTest.php" line="117" class="OCA\SouveraShield\Tests\Unit\Service\PMGClientTest" classname="OCA.SouveraShield.Tests.Unit.Service.PMGClientTest" assertions="3" time="0.000304"/>
        <testcase name="testAddToWhitelistBuildsCorrectPayload" file="/app/tests/unit/Service/PMGClientTest.php" line="148" class="OCA\SouveraShield\Tests\Unit\Service\PMGClientTest" classname="OCA.SouveraShield.Tests.Unit.Service.PMGClientTest" assertions="1" time="0.000180"/>
        <testcase name="testAddToWhitelistRejectsEmptyEntry" file="/app/tests/unit/Service/PMGClientTest.php" line="173" class="OCA\SouveraShield\Tests\Unit\Service\PMGClientTest" classname="OCA.SouveraShield.Tests.Unit.Service.PMGClientTest" assertions="1" time="0.000130"/>
        <testcase name="testEncryptedPasswordIsDecryptedOnRead" file="/app/tests/unit/Service/PMGClientTest.php" line="191" class="OCA\SouveraShield\Tests\Unit\Service\PMGClientTest" classname="OCA.SouveraShield.Tests.Unit.Service.PMGClientTest" assertions="2" time="0.000278"/>
      </testsuite>
      <testsuite name="OCA\SouveraShield\Tests\Unit\Service\ProviderToolsClientTest" file="/app/tests/unit/Service/ProviderToolsClientTest.php" tests="4" assertions="8" errors="0" failures="0" skipped="0" time="0.000814">
        <testcase name="testIsConfiguredReturnsFalseWhenCentralIsNotInstalled" file="/app/tests/unit/Service/ProviderToolsClientTest.php" line="59" class="OCA\SouveraShield\Tests\Unit\Service\ProviderToolsClientTest" classname="OCA.SouveraShield.Tests.Unit.Service.ProviderToolsClientTest" assertions="1" time="0.000420"/>
        <testcase name="testCheckDmarcThrowsWithClearMessageWhenCentralMissing" file="/app/tests/unit/Service/ProviderToolsClientTest.php" line="68" class="OCA\SouveraShield\Tests\Unit\Service\ProviderToolsClientTest" classname="OCA.SouveraShield.Tests.Unit.Service.ProviderToolsClientTest" assertions="3" time="0.000183"/>
        <testcase name="testCreateMailTestThrowsWithClearMessageWhenCentralMissing" file="/app/tests/unit/Service/ProviderToolsClientTest.php" line="83" class="OCA\SouveraShield\Tests\Unit\Service\ProviderToolsClientTest" classname="OCA.SouveraShield.Tests.Unit.Service.ProviderToolsClientTest" assertions="3" time="0.000126"/>
        <testcase name="testDefaultBaseUrlIsUsedWhenNoOverride" file="/app/tests/unit/Service/ProviderToolsClientTest.php" line="96" class="OCA\SouveraShield\Tests\Unit\Service\ProviderToolsClientTest" classname="OCA.SouveraShield.Tests.Unit.Service.ProviderToolsClientTest" assertions="1" time="0.000085"/>
      </testsuite>
    </testsuite>
  </testsuite>
</testsuites>
