<?xml version="1.0" encoding="UTF-8"?>
<testsuites>
  <testsuite name="/app/tests/phpunit.xml" tests="21" assertions="46" errors="0" failures="0" skipped="0" time="6.413035">
    <testsuite name="unit" tests="21" assertions="46" errors="0" failures="0" skipped="0" time="6.413035">
      <testsuite name="OCA\SouveraShield\Tests\Unit\BackgroundJob\PollQuarantineJobRetryTest" file="/app/tests/unit/BackgroundJob/PollQuarantineJobRetryTest.php" tests="4" assertions="8" errors="0" failures="0" skipped="0" time="6.407485">
        <testcase name="testSucceedsOnFirstAttempt" file="/app/tests/unit/BackgroundJob/PollQuarantineJobRetryTest.php" line="43" class="OCA\SouveraShield\Tests\Unit\BackgroundJob\PollQuarantineJobRetryTest" classname="OCA.SouveraShield.Tests.Unit.BackgroundJob.PollQuarantineJobRetryTest" assertions="2" time="0.005826"/>
        <testcase name="testRetriesFourTimesOnTransientErrorsAndThenReturnsNull" file="/app/tests/unit/BackgroundJob/PollQuarantineJobRetryTest.php" line="59" class="OCA\SouveraShield\Tests\Unit\BackgroundJob\PollQuarantineJobRetryTest" classname="OCA.SouveraShield.Tests.Unit.BackgroundJob.PollQuarantineJobRetryTest" assertions="2" time="6.200962"/>
        <testcase name="testDoesNotRetryOnPermanentClientError" file="/app/tests/unit/BackgroundJob/PollQuarantineJobRetryTest.php" line="80" class="OCA\SouveraShield\Tests\Unit\BackgroundJob\PollQuarantineJobRetryTest" classname="OCA.SouveraShield.Tests.Unit.BackgroundJob.PollQuarantineJobRetryTest" assertions="2" time="0.000217"/>
        <testcase name="testRecoversAfterOneTransientError" file="/app/tests/unit/BackgroundJob/PollQuarantineJobRetryTest.php" line="96" class="OCA\SouveraShield\Tests\Unit\BackgroundJob\PollQuarantineJobRetryTest" classname="OCA.SouveraShield.Tests.Unit.BackgroundJob.PollQuarantineJobRetryTest" assertions="2" time="0.200480"/>
      </testsuite>
      <testsuite name="OCA\SouveraShield\Tests\Unit\Service\MailTestServiceDiagnosticsTest" file="/app/tests/unit/Service/MailTestServiceDiagnosticsTest.php" tests="6" assertions="15" errors="0" failures="0" skipped="0" time="0.002439">
        <testcase name="testRelayRejectionMentionsClosedRelayAndRemedies" file="/app/tests/unit/Service/MailTestServiceDiagnosticsTest.php" line="34" class="OCA\SouveraShield\Tests\Unit\Service\MailTestServiceDiagnosticsTest" classname="OCA.SouveraShield.Tests.Unit.Service.MailTestServiceDiagnosticsTest" assertions="3" time="0.001732"/>
        <testcase name="testFivePointSevenPatternIsRecognised" file="/app/tests/unit/Service/MailTestServiceDiagnosticsTest.php" line="44" class="OCA\SouveraShield\Tests\Unit\Service\MailTestServiceDiagnosticsTest" classname="OCA.SouveraShield.Tests.Unit.Service.MailTestServiceDiagnosticsTest" assertions="1" time="0.000097"/>
        <testcase name="testAuthFailureIsRecognised" file="/app/tests/unit/Service/MailTestServiceDiagnosticsTest.php" line="52" class="OCA\SouveraShield\Tests\Unit\Service\MailTestServiceDiagnosticsTest" classname="OCA.SouveraShield.Tests.Unit.Service.MailTestServiceDiagnosticsTest" assertions="2" time="0.000079"/>
        <testcase name="testTlsFailureIsRecognised" file="/app/tests/unit/Service/MailTestServiceDiagnosticsTest.php" line="58" class="OCA\SouveraShield\Tests\Unit\Service\MailTestServiceDiagnosticsTest" classname="OCA.SouveraShield.Tests.Unit.Service.MailTestServiceDiagnosticsTest" assertions="2" time="0.000102"/>
        <testcase name="testUnknownErrorReturnsGenericMessage" file="/app/tests/unit/Service/MailTestServiceDiagnosticsTest.php" line="67" class="OCA\SouveraShield\Tests\Unit\Service\MailTestServiceDiagnosticsTest" classname="OCA.SouveraShield.Tests.Unit.Service.MailTestServiceDiagnosticsTest" assertions="2" time="0.000073"/>
        <testcase name="testTruncateForDbLimitsLongMessages" file="/app/tests/unit/Service/MailTestServiceDiagnosticsTest.php" line="73" class="OCA\SouveraShield\Tests\Unit\Service\MailTestServiceDiagnosticsTest" classname="OCA.SouveraShield.Tests.Unit.Service.MailTestServiceDiagnosticsTest" assertions="5" time="0.000355"/>
      </testsuite>
      <testsuite name="OCA\SouveraShield\Tests\Unit\Service\PMGClientTest" file="/app/tests/unit/Service/PMGClientTest.php" tests="7" assertions="15" errors="0" failures="0" skipped="0" time="0.002338">
        <testcase name="testIsAllowedDomain" file="/app/tests/unit/Service/PMGClientTest.php" line="70" class="OCA\SouveraShield\Tests\Unit\Service\PMGClientTest" classname="OCA.SouveraShield.Tests.Unit.Service.PMGClientTest" assertions="4" time="0.000881"/>
        <testcase name="testGetSpamQuarantineRejectsDisallowedDomain" file="/app/tests/unit/Service/PMGClientTest.php" line="85" class="OCA\SouveraShield\Tests\Unit\Service\PMGClientTest" classname="OCA.SouveraShield.Tests.Unit.Service.PMGClientTest" assertions="2" time="0.000308"/>
        <testcase name="testLoginFailureThrowsPMGException" file="/app/tests/unit/Service/PMGClientTest.php" line="99" class="OCA\SouveraShield\Tests\Unit\Service\PMGClientTest" classname="OCA.SouveraShield.Tests.Unit.Service.PMGClientTest" assertions="2" time="0.000277"/>
        <testcase name="testGetSpamQuarantineReturnsData" file="/app/tests/unit/Service/PMGClientTest.php" line="117" class="OCA\SouveraShield\Tests\Unit\Service\PMGClientTest" classname="OCA.SouveraShield.Tests.Unit.Service.PMGClientTest" assertions="3" time="0.000300"/>
        <testcase name="testAddToWhitelistBuildsCorrectPayload" file="/app/tests/unit/Service/PMGClientTest.php" line="148" class="OCA\SouveraShield\Tests\Unit\Service\PMGClientTest" classname="OCA.SouveraShield.Tests.Unit.Service.PMGClientTest" assertions="1" time="0.000165"/>
        <testcase name="testAddToWhitelistRejectsEmptyEntry" file="/app/tests/unit/Service/PMGClientTest.php" line="173" class="OCA\SouveraShield\Tests\Unit\Service\PMGClientTest" classname="OCA.SouveraShield.Tests.Unit.Service.PMGClientTest" assertions="1" time="0.000129"/>
        <testcase name="testEncryptedPasswordIsDecryptedOnRead" file="/app/tests/unit/Service/PMGClientTest.php" line="191" class="OCA\SouveraShield\Tests\Unit\Service\PMGClientTest" classname="OCA.SouveraShield.Tests.Unit.Service.PMGClientTest" assertions="2" time="0.000278"/>
      </testsuite>
      <testsuite name="OCA\SouveraShield\Tests\Unit\Service\ProviderToolsClientTest" file="/app/tests/unit/Service/ProviderToolsClientTest.php" tests="4" assertions="8" errors="0" failures="0" skipped="0" time="0.000773">
        <testcase name="testIsConfiguredReturnsFalseWhenCentralIsNotInstalled" file="/app/tests/unit/Service/ProviderToolsClientTest.php" line="59" class="OCA\SouveraShield\Tests\Unit\Service\ProviderToolsClientTest" classname="OCA.SouveraShield.Tests.Unit.Service.ProviderToolsClientTest" assertions="1" time="0.000391"/>
        <testcase name="testCheckDmarcThrowsWithClearMessageWhenCentralMissing" file="/app/tests/unit/Service/ProviderToolsClientTest.php" line="68" class="OCA\SouveraShield\Tests\Unit\Service\ProviderToolsClientTest" classname="OCA.SouveraShield.Tests.Unit.Service.ProviderToolsClientTest" assertions="3" time="0.000172"/>
        <testcase name="testCreateMailTestThrowsWithClearMessageWhenCentralMissing" file="/app/tests/unit/Service/ProviderToolsClientTest.php" line="83" class="OCA\SouveraShield\Tests\Unit\Service\ProviderToolsClientTest" classname="OCA.SouveraShield.Tests.Unit.Service.ProviderToolsClientTest" assertions="3" time="0.000125"/>
        <testcase name="testDefaultBaseUrlIsUsedWhenNoOverride" file="/app/tests/unit/Service/ProviderToolsClientTest.php" line="96" class="OCA\SouveraShield\Tests\Unit\Service\ProviderToolsClientTest" classname="OCA.SouveraShield.Tests.Unit.Service.ProviderToolsClientTest" assertions="1" time="0.000085"/>
      </testsuite>
    </testsuite>
  </testsuite>
</testsuites>
