<?xml version="1.0" encoding="UTF-8"?>
<testsuites>
  <testsuite name="/app/tests/phpunit.xml" tests="46" assertions="134" errors="0" failures="0" skipped="0" time="6.591195">
    <testsuite name="unit" tests="46" assertions="134" errors="0" failures="0" skipped="0" time="6.591195">
      <testsuite name="OCA\SouveraShield\Tests\Unit\BackgroundJob\PollQuarantineJobRetryTest" file="/app/tests/unit/BackgroundJob/PollQuarantineJobRetryTest.php" tests="4" assertions="8" errors="0" failures="0" skipped="0" time="6.407544">
        <testcase name="testSucceedsOnFirstAttempt" file="/app/tests/unit/BackgroundJob/PollQuarantineJobRetryTest.php" line="43" class="OCA\SouveraShield\Tests\Unit\BackgroundJob\PollQuarantineJobRetryTest" classname="OCA.SouveraShield.Tests.Unit.BackgroundJob.PollQuarantineJobRetryTest" assertions="2" time="0.005828"/>
        <testcase name="testRetriesFourTimesOnTransientErrorsAndThenReturnsNull" file="/app/tests/unit/BackgroundJob/PollQuarantineJobRetryTest.php" line="59" class="OCA\SouveraShield\Tests\Unit\BackgroundJob\PollQuarantineJobRetryTest" classname="OCA.SouveraShield.Tests.Unit.BackgroundJob.PollQuarantineJobRetryTest" assertions="2" time="6.201000"/>
        <testcase name="testDoesNotRetryOnPermanentClientError" file="/app/tests/unit/BackgroundJob/PollQuarantineJobRetryTest.php" line="80" class="OCA\SouveraShield\Tests\Unit\BackgroundJob\PollQuarantineJobRetryTest" classname="OCA.SouveraShield.Tests.Unit.BackgroundJob.PollQuarantineJobRetryTest" assertions="2" time="0.000235"/>
        <testcase name="testRecoversAfterOneTransientError" file="/app/tests/unit/BackgroundJob/PollQuarantineJobRetryTest.php" line="96" class="OCA\SouveraShield\Tests\Unit\BackgroundJob\PollQuarantineJobRetryTest" classname="OCA.SouveraShield.Tests.Unit.BackgroundJob.PollQuarantineJobRetryTest" assertions="2" time="0.200481"/>
      </testsuite>
      <testsuite name="OCA\SouveraShield\Tests\Unit\Service\MailTestPrincipalStoreTest" file="/app/tests/unit/Service/MailTestPrincipalStoreTest.php" tests="5" assertions="22" errors="0" failures="0" skipped="0" time="0.002571">
        <testcase name="testColdPathProvisionsAndCachesEncryptedPassword" file="/app/tests/unit/Service/MailTestPrincipalStoreTest.php" line="48" class="OCA\SouveraShield\Tests\Unit\Service\MailTestPrincipalStoreTest" classname="OCA.SouveraShield.Tests.Unit.Service.MailTestPrincipalStoreTest" assertions="5" time="0.001617"/>
        <testcase name="testHotPathReturnsCachedCredentialsWithoutHittingApi" file="/app/tests/unit/Service/MailTestPrincipalStoreTest.php" line="89" class="OCA\SouveraShield\Tests\Unit\Service\MailTestPrincipalStoreTest" classname="OCA.SouveraShield.Tests.Unit.Service.MailTestPrincipalStoreTest" assertions="4" time="0.000148"/>
        <testcase name="testDecryptFailureFallsBackToProvisioning" file="/app/tests/unit/Service/MailTestPrincipalStoreTest.php" line="107" class="OCA\SouveraShield\Tests\Unit\Service\MailTestPrincipalStoreTest" classname="OCA.SouveraShield.Tests.Unit.Service.MailTestPrincipalStoreTest" assertions="4" time="0.000433"/>
        <testcase name="testReprovisionWipesCacheAndForcesRefresh" file="/app/tests/unit/Service/MailTestPrincipalStoreTest.php" line="126" class="OCA\SouveraShield\Tests\Unit\Service\MailTestPrincipalStoreTest" classname="OCA.SouveraShield.Tests.Unit.Service.MailTestPrincipalStoreTest" assertions="5" time="0.000138"/>
        <testcase name="testPrincipalCollisionOnStalwartUsesUniqueFallback" file="/app/tests/unit/Service/MailTestPrincipalStoreTest.php" line="151" class="OCA\SouveraShield\Tests\Unit\Service\MailTestPrincipalStoreTest" classname="OCA.SouveraShield.Tests.Unit.Service.MailTestPrincipalStoreTest" assertions="4" time="0.000235"/>
      </testsuite>
      <testsuite name="OCA\SouveraShield\Tests\Unit\Service\MailTestRelayConfigTest" file="/app/tests/unit/Service/MailTestRelayConfigTest.php" tests="11" assertions="35" errors="0" failures="0" skipped="0" time="0.000703">
        <testcase name="testFromFullSystemConfigYieldsRelayForHttpsUrl" file="/app/tests/unit/Service/MailTestRelayConfigTest.php" line="20" class="OCA\SouveraShield\Tests\Unit\Service\MailTestRelayConfigTest" classname="OCA.SouveraShield.Tests.Unit.Service.MailTestRelayConfigTest" assertions="7" time="0.000147"/>
        <testcase name="testMissingApiUrlYieldsNull" file="/app/tests/unit/Service/MailTestRelayConfigTest.php" line="35" class="OCA\SouveraShield\Tests\Unit\Service\MailTestRelayConfigTest" classname="OCA.SouveraShield.Tests.Unit.Service.MailTestRelayConfigTest" assertions="3" time="0.000052"/>
        <testcase name="testMissingAdminUserYieldsNull" file="/app/tests/unit/Service/MailTestRelayConfigTest.php" line="41" class="OCA\SouveraShield\Tests\Unit\Service\MailTestRelayConfigTest" classname="OCA.SouveraShield.Tests.Unit.Service.MailTestRelayConfigTest" assertions="3" time="0.000054"/>
        <testcase name="testMissingAdminPasswordYieldsNull" file="/app/tests/unit/Service/MailTestRelayConfigTest.php" line="47" class="OCA\SouveraShield\Tests\Unit\Service\MailTestRelayConfigTest" classname="OCA.SouveraShield.Tests.Unit.Service.MailTestRelayConfigTest" assertions="2" time="0.000042"/>
        <testcase name="testBareHostnameWithoutSchemeIsAccepted" file="/app/tests/unit/Service/MailTestRelayConfigTest.php" line="52" class="OCA\SouveraShield\Tests\Unit\Service\MailTestRelayConfigTest" classname="OCA.SouveraShield.Tests.Unit.Service.MailTestRelayConfigTest" assertions="3" time="0.000079"/>
        <testcase name="testBareHostnameWithPortStripsThePortFromHost" file="/app/tests/unit/Service/MailTestRelayConfigTest.php" line="59" class="OCA\SouveraShield\Tests\Unit\Service\MailTestRelayConfigTest" classname="OCA.SouveraShield.Tests.Unit.Service.MailTestRelayConfigTest" assertions="3" time="0.000054"/>
        <testcase name="testHttpSchemeYieldsPlainHost" file="/app/tests/unit/Service/MailTestRelayConfigTest.php" line="66" class="OCA\SouveraShield\Tests\Unit\Service\MailTestRelayConfigTest" classname="OCA.SouveraShield.Tests.Unit.Service.MailTestRelayConfigTest" assertions="3" time="0.000049"/>
        <testcase name="testWhitespaceIsTrimmed" file="/app/tests/unit/Service/MailTestRelayConfigTest.php" line="73" class="OCA\SouveraShield\Tests\Unit\Service\MailTestRelayConfigTest" classname="OCA.SouveraShield.Tests.Unit.Service.MailTestRelayConfigTest" assertions="3" time="0.000046"/>
        <testcase name="testPortOverrideIsHonored" file="/app/tests/unit/Service/MailTestRelayConfigTest.php" line="84" class="OCA\SouveraShield\Tests\Unit\Service\MailTestRelayConfigTest" classname="OCA.SouveraShield.Tests.Unit.Service.MailTestRelayConfigTest" assertions="3" time="0.000079"/>
        <testcase name="testInvalidPortOverrideFallsBackToDefault" file="/app/tests/unit/Service/MailTestRelayConfigTest.php" line="96" class="OCA\SouveraShield\Tests\Unit\Service\MailTestRelayConfigTest" classname="OCA.SouveraShield.Tests.Unit.Service.MailTestRelayConfigTest" assertions="2" time="0.000050"/>
        <testcase name="testPort587ExplicitlyOverridesToStartTls" file="/app/tests/unit/Service/MailTestRelayConfigTest.php" line="107" class="OCA\SouveraShield\Tests\Unit\Service\MailTestRelayConfigTest" classname="OCA.SouveraShield.Tests.Unit.Service.MailTestRelayConfigTest" assertions="3" time="0.000052"/>
      </testsuite>
      <testsuite name="OCA\SouveraShield\Tests\Unit\Service\MailTestServiceDiagnosticsTest" file="/app/tests/unit/Service/MailTestServiceDiagnosticsTest.php" tests="9" assertions="31" errors="0" failures="0" skipped="0" time="0.003006">
        <testcase name="testConfigStageMentionsThreeSystemConfigKeys" file="/app/tests/unit/Service/MailTestServiceDiagnosticsTest.php" line="65" class="OCA\SouveraShield\Tests\Unit\Service\MailTestServiceDiagnosticsTest" classname="OCA.SouveraShield.Tests.Unit.Service.MailTestServiceDiagnosticsTest" assertions="3" time="0.001970"/>
        <testcase name="testConnectStageMentionsStalwartApiUrlAndPortKey" file="/app/tests/unit/Service/MailTestServiceDiagnosticsTest.php" line="77" class="OCA\SouveraShield\Tests\Unit\Service\MailTestServiceDiagnosticsTest" classname="OCA.SouveraShield.Tests.Unit.Service.MailTestServiceDiagnosticsTest" assertions="4" time="0.000136"/>
        <testcase name="testStarttlsStageMentionsPortAndFallback" file="/app/tests/unit/Service/MailTestServiceDiagnosticsTest.php" line="88" class="OCA\SouveraShield\Tests\Unit\Service\MailTestServiceDiagnosticsTest" classname="OCA.SouveraShield.Tests.Unit.Service.MailTestServiceDiagnosticsTest" assertions="3" time="0.000105"/>
        <testcase name="testAuthStageMentionsShieldPrincipalAndAdminApi" file="/app/tests/unit/Service/MailTestServiceDiagnosticsTest.php" line="98" class="OCA\SouveraShield\Tests\Unit\Service\MailTestServiceDiagnosticsTest" classname="OCA.SouveraShield.Tests.Unit.Service.MailTestServiceDiagnosticsTest" assertions="4" time="0.000129"/>
        <testcase name="testFromStageDescribesPrincipalOwnedAddress" file="/app/tests/unit/Service/MailTestServiceDiagnosticsTest.php" line="112" class="OCA\SouveraShield\Tests\Unit\Service\MailTestServiceDiagnosticsTest" classname="OCA.SouveraShield.Tests.Unit.Service.MailTestServiceDiagnosticsTest" assertions="3" time="0.000096"/>
        <testcase name="testRcptStageMentionsShieldPrincipalPermissions" file="/app/tests/unit/Service/MailTestServiceDiagnosticsTest.php" line="122" class="OCA\SouveraShield\Tests\Unit\Service\MailTestServiceDiagnosticsTest" classname="OCA.SouveraShield.Tests.Unit.Service.MailTestServiceDiagnosticsTest" assertions="4" time="0.000097"/>
        <testcase name="testDataStageMentionsContentFilter" file="/app/tests/unit/Service/MailTestServiceDiagnosticsTest.php" line="133" class="OCA\SouveraShield\Tests\Unit\Service\MailTestServiceDiagnosticsTest" classname="OCA.SouveraShield.Tests.Unit.Service.MailTestServiceDiagnosticsTest" assertions="2" time="0.000082"/>
        <testcase name="testUnknownStageReturnsRelayInfoAndRaw" file="/app/tests/unit/Service/MailTestServiceDiagnosticsTest.php" line="142" class="OCA\SouveraShield\Tests\Unit\Service\MailTestServiceDiagnosticsTest" classname="OCA.SouveraShield.Tests.Unit.Service.MailTestServiceDiagnosticsTest" assertions="3" time="0.000087"/>
        <testcase name="testTruncateForDbLimitsLongMessages" file="/app/tests/unit/Service/MailTestServiceDiagnosticsTest.php" line="152" class="OCA\SouveraShield\Tests\Unit\Service\MailTestServiceDiagnosticsTest" classname="OCA.SouveraShield.Tests.Unit.Service.MailTestServiceDiagnosticsTest" assertions="5" time="0.000306"/>
      </testsuite>
      <testsuite name="OCA\SouveraShield\Tests\Unit\Service\PMGClientTest" file="/app/tests/unit/Service/PMGClientTest.php" tests="7" assertions="15" errors="0" failures="0" skipped="0" time="0.001829">
        <testcase name="testIsAllowedDomain" file="/app/tests/unit/Service/PMGClientTest.php" line="70" class="OCA\SouveraShield\Tests\Unit\Service\PMGClientTest" classname="OCA.SouveraShield.Tests.Unit.Service.PMGClientTest" assertions="4" time="0.000424"/>
        <testcase name="testGetSpamQuarantineRejectsDisallowedDomain" file="/app/tests/unit/Service/PMGClientTest.php" line="85" class="OCA\SouveraShield\Tests\Unit\Service\PMGClientTest" classname="OCA.SouveraShield.Tests.Unit.Service.PMGClientTest" assertions="2" time="0.000321"/>
        <testcase name="testLoginFailureThrowsPMGException" file="/app/tests/unit/Service/PMGClientTest.php" line="99" class="OCA\SouveraShield\Tests\Unit\Service\PMGClientTest" classname="OCA.SouveraShield.Tests.Unit.Service.PMGClientTest" assertions="2" time="0.000292"/>
        <testcase name="testGetSpamQuarantineReturnsData" file="/app/tests/unit/Service/PMGClientTest.php" line="117" class="OCA\SouveraShield\Tests\Unit\Service\PMGClientTest" classname="OCA.SouveraShield.Tests.Unit.Service.PMGClientTest" assertions="3" time="0.000318"/>
        <testcase name="testAddToWhitelistBuildsCorrectPayload" file="/app/tests/unit/Service/PMGClientTest.php" line="148" class="OCA\SouveraShield\Tests\Unit\Service\PMGClientTest" classname="OCA.SouveraShield.Tests.Unit.Service.PMGClientTest" assertions="1" time="0.000163"/>
        <testcase name="testAddToWhitelistRejectsEmptyEntry" file="/app/tests/unit/Service/PMGClientTest.php" line="173" class="OCA\SouveraShield\Tests\Unit\Service\PMGClientTest" classname="OCA.SouveraShield.Tests.Unit.Service.PMGClientTest" assertions="1" time="0.000125"/>
        <testcase name="testEncryptedPasswordIsDecryptedOnRead" file="/app/tests/unit/Service/PMGClientTest.php" line="191" class="OCA\SouveraShield\Tests\Unit\Service\PMGClientTest" classname="OCA.SouveraShield.Tests.Unit.Service.PMGClientTest" assertions="2" time="0.000185"/>
      </testsuite>
      <testsuite name="OCA\SouveraShield\Tests\Unit\Service\ProviderToolsClientTest" file="/app/tests/unit/Service/ProviderToolsClientTest.php" tests="4" assertions="8" errors="0" failures="0" skipped="0" time="0.000661">
        <testcase name="testIsConfiguredReturnsFalseWhenCentralIsNotInstalled" file="/app/tests/unit/Service/ProviderToolsClientTest.php" line="59" class="OCA\SouveraShield\Tests\Unit\Service\ProviderToolsClientTest" classname="OCA.SouveraShield.Tests.Unit.Service.ProviderToolsClientTest" assertions="1" time="0.000275"/>
        <testcase name="testCheckDmarcThrowsWithClearMessageWhenCentralMissing" file="/app/tests/unit/Service/ProviderToolsClientTest.php" line="68" class="OCA\SouveraShield\Tests\Unit\Service\ProviderToolsClientTest" classname="OCA.SouveraShield.Tests.Unit.Service.ProviderToolsClientTest" assertions="3" time="0.000179"/>
        <testcase name="testCreateMailTestThrowsWithClearMessageWhenCentralMissing" file="/app/tests/unit/Service/ProviderToolsClientTest.php" line="83" class="OCA\SouveraShield\Tests\Unit\Service\ProviderToolsClientTest" classname="OCA.SouveraShield.Tests.Unit.Service.ProviderToolsClientTest" assertions="3" time="0.000122"/>
        <testcase name="testDefaultBaseUrlIsUsedWhenNoOverride" file="/app/tests/unit/Service/ProviderToolsClientTest.php" line="96" class="OCA\SouveraShield\Tests\Unit\Service\ProviderToolsClientTest" classname="OCA.SouveraShield.Tests.Unit.Service.ProviderToolsClientTest" assertions="1" time="0.000086"/>
      </testsuite>
      <testsuite name="OCA\SouveraShield\Tests\Unit\Service\StalwartAdminClientTest" file="/app/tests/unit/Service/StalwartAdminClientTest.php" tests="6" assertions="15" errors="0" failures="0" skipped="0" time="0.174882">
        <testcase name="testHasPrincipalReturnsTrueOn200" file="/app/tests/unit/Service/StalwartAdminClientTest.php" line="46" class="OCA\SouveraShield\Tests\Unit\Service\StalwartAdminClientTest" classname="OCA.SouveraShield.Tests.Unit.Service.StalwartAdminClientTest" assertions="2" time="0.000123"/>
        <testcase name="testHasPrincipalReturnsFalseOn404" file="/app/tests/unit/Service/StalwartAdminClientTest.php" line="63" class="OCA\SouveraShield\Tests\Unit\Service\StalwartAdminClientTest" classname="OCA.SouveraShield.Tests.Unit.Service.StalwartAdminClientTest" assertions="1" time="0.000085"/>
        <testcase name="testHasPrincipalReturnsFalseOn400" file="/app/tests/unit/Service/StalwartAdminClientTest.php" line="71" class="OCA\SouveraShield\Tests\Unit\Service\StalwartAdminClientTest" classname="OCA.SouveraShield.Tests.Unit.Service.StalwartAdminClientTest" assertions="1" time="0.000075"/>
        <testcase name="testHasPrincipalWrapsUnexpectedErrorInMailTestRelayException" file="/app/tests/unit/Service/StalwartAdminClientTest.php" line="79" class="OCA\SouveraShield\Tests\Unit\Service\StalwartAdminClientTest" classname="OCA.SouveraShield.Tests.Unit.Service.StalwartAdminClientTest" assertions="2" time="0.000131"/>
        <testcase name="testCreatePrincipalPostsCorrectJsonWithBcryptHash" file="/app/tests/unit/Service/StalwartAdminClientTest.php" line="93" class="OCA\SouveraShield\Tests\Unit\Service\StalwartAdminClientTest" classname="OCA.SouveraShield.Tests.Unit.Service.StalwartAdminClientTest" assertions="7" time="0.116257"/>
        <testcase name="testCreatePrincipalWrapsFailure" file="/app/tests/unit/Service/StalwartAdminClientTest.php" line="126" class="OCA\SouveraShield\Tests\Unit\Service\StalwartAdminClientTest" classname="OCA.SouveraShield.Tests.Unit.Service.StalwartAdminClientTest" assertions="2" time="0.058210"/>
      </testsuite>
    </testsuite>
  </testsuite>
</testsuites>
