<?xml version="1.0" encoding="UTF-8"?>
<testsuites>
  <testsuite name="/app/tests/phpunit.xml" tests="17" assertions="38" errors="0" failures="0" skipped="0" time="0.013408">
    <testsuite name="unit" tests="17" assertions="38" errors="0" failures="0" skipped="0" time="0.013408">
      <testsuite name="OCA\SouveraShield\Tests\Unit\Service\MailTestServiceDiagnosticsTest" file="/app/tests/unit/Service/MailTestServiceDiagnosticsTest.php" tests="6" assertions="15" errors="0" failures="0" skipped="0" time="0.005631">
        <testcase name="testRelayRejectionMentionsClosedRelayAndRemedies" file="/app/tests/unit/Service/MailTestServiceDiagnosticsTest.php" line="34" class="OCA\SouveraShield\Tests\Unit\Service\MailTestServiceDiagnosticsTest" classname="OCA.SouveraShield.Tests.Unit.Service.MailTestServiceDiagnosticsTest" assertions="3" time="0.004662"/>
        <testcase name="testFivePointSevenPatternIsRecognised" file="/app/tests/unit/Service/MailTestServiceDiagnosticsTest.php" line="44" class="OCA\SouveraShield\Tests\Unit\Service\MailTestServiceDiagnosticsTest" classname="OCA.SouveraShield.Tests.Unit.Service.MailTestServiceDiagnosticsTest" assertions="1" time="0.000131"/>
        <testcase name="testAuthFailureIsRecognised" file="/app/tests/unit/Service/MailTestServiceDiagnosticsTest.php" line="52" class="OCA\SouveraShield\Tests\Unit\Service\MailTestServiceDiagnosticsTest" classname="OCA.SouveraShield.Tests.Unit.Service.MailTestServiceDiagnosticsTest" assertions="2" time="0.000092"/>
        <testcase name="testTlsFailureIsRecognised" file="/app/tests/unit/Service/MailTestServiceDiagnosticsTest.php" line="58" class="OCA\SouveraShield\Tests\Unit\Service\MailTestServiceDiagnosticsTest" classname="OCA.SouveraShield.Tests.Unit.Service.MailTestServiceDiagnosticsTest" assertions="2" time="0.000105"/>
        <testcase name="testUnknownErrorReturnsGenericMessage" file="/app/tests/unit/Service/MailTestServiceDiagnosticsTest.php" line="67" class="OCA\SouveraShield\Tests\Unit\Service\MailTestServiceDiagnosticsTest" classname="OCA.SouveraShield.Tests.Unit.Service.MailTestServiceDiagnosticsTest" assertions="2" time="0.000094"/>
        <testcase name="testTruncateForDbLimitsLongMessages" file="/app/tests/unit/Service/MailTestServiceDiagnosticsTest.php" line="73" class="OCA\SouveraShield\Tests\Unit\Service\MailTestServiceDiagnosticsTest" classname="OCA.SouveraShield.Tests.Unit.Service.MailTestServiceDiagnosticsTest" assertions="5" time="0.000546"/>
      </testsuite>
      <testsuite name="OCA\SouveraShield\Tests\Unit\Service\PMGClientTest" file="/app/tests/unit/Service/PMGClientTest.php" tests="7" assertions="15" errors="0" failures="0" skipped="0" time="0.006608">
        <testcase name="testIsAllowedDomain" file="/app/tests/unit/Service/PMGClientTest.php" line="70" class="OCA\SouveraShield\Tests\Unit\Service\PMGClientTest" classname="OCA.SouveraShield.Tests.Unit.Service.PMGClientTest" assertions="4" time="0.002311"/>
        <testcase name="testGetSpamQuarantineRejectsDisallowedDomain" file="/app/tests/unit/Service/PMGClientTest.php" line="85" class="OCA\SouveraShield\Tests\Unit\Service\PMGClientTest" classname="OCA.SouveraShield.Tests.Unit.Service.PMGClientTest" assertions="2" time="0.000507"/>
        <testcase name="testLoginFailureThrowsPMGException" file="/app/tests/unit/Service/PMGClientTest.php" line="99" class="OCA\SouveraShield\Tests\Unit\Service\PMGClientTest" classname="OCA.SouveraShield.Tests.Unit.Service.PMGClientTest" assertions="2" time="0.001572"/>
        <testcase name="testGetSpamQuarantineReturnsData" file="/app/tests/unit/Service/PMGClientTest.php" line="117" class="OCA\SouveraShield\Tests\Unit\Service\PMGClientTest" classname="OCA.SouveraShield.Tests.Unit.Service.PMGClientTest" assertions="3" time="0.001313"/>
        <testcase name="testAddToWhitelistBuildsCorrectPayload" file="/app/tests/unit/Service/PMGClientTest.php" line="148" class="OCA\SouveraShield\Tests\Unit\Service\PMGClientTest" classname="OCA.SouveraShield.Tests.Unit.Service.PMGClientTest" assertions="1" time="0.000324"/>
        <testcase name="testAddToWhitelistRejectsEmptyEntry" file="/app/tests/unit/Service/PMGClientTest.php" line="173" class="OCA\SouveraShield\Tests\Unit\Service\PMGClientTest" classname="OCA.SouveraShield.Tests.Unit.Service.PMGClientTest" assertions="1" time="0.000167"/>
        <testcase name="testEncryptedPasswordIsDecryptedOnRead" file="/app/tests/unit/Service/PMGClientTest.php" line="191" class="OCA\SouveraShield\Tests\Unit\Service\PMGClientTest" classname="OCA.SouveraShield.Tests.Unit.Service.PMGClientTest" assertions="2" time="0.000413"/>
      </testsuite>
      <testsuite name="OCA\SouveraShield\Tests\Unit\Service\ProviderToolsClientTest" file="/app/tests/unit/Service/ProviderToolsClientTest.php" tests="4" assertions="8" errors="0" failures="0" skipped="0" time="0.001170">
        <testcase name="testIsConfiguredReturnsFalseWhenCentralIsNotInstalled" file="/app/tests/unit/Service/ProviderToolsClientTest.php" line="59" class="OCA\SouveraShield\Tests\Unit\Service\ProviderToolsClientTest" classname="OCA.SouveraShield.Tests.Unit.Service.ProviderToolsClientTest" assertions="1" time="0.000701"/>
        <testcase name="testCheckDmarcThrowsWithClearMessageWhenCentralMissing" file="/app/tests/unit/Service/ProviderToolsClientTest.php" line="68" class="OCA\SouveraShield\Tests\Unit\Service\ProviderToolsClientTest" classname="OCA.SouveraShield.Tests.Unit.Service.ProviderToolsClientTest" assertions="3" time="0.000211"/>
        <testcase name="testCreateMailTestThrowsWithClearMessageWhenCentralMissing" file="/app/tests/unit/Service/ProviderToolsClientTest.php" line="83" class="OCA\SouveraShield\Tests\Unit\Service\ProviderToolsClientTest" classname="OCA.SouveraShield.Tests.Unit.Service.ProviderToolsClientTest" assertions="3" time="0.000141"/>
        <testcase name="testDefaultBaseUrlIsUsedWhenNoOverride" file="/app/tests/unit/Service/ProviderToolsClientTest.php" line="96" class="OCA\SouveraShield\Tests\Unit\Service\ProviderToolsClientTest" classname="OCA.SouveraShield.Tests.Unit.Service.ProviderToolsClientTest" assertions="1" time="0.000116"/>
      </testsuite>
    </testsuite>
  </testsuite>
</testsuites>
