<?xml version="1.0" encoding="UTF-8"?>
<testsuites>
  <testsuite name="/app/tests/phpunit.xml" tests="35" assertions="93" errors="0" failures="0" skipped="0" time="6.414734">
    <testsuite name="unit" tests="35" assertions="93" errors="0" failures="0" skipped="0" time="6.414734">
      <testsuite name="OCA\SouveraShield\Tests\Unit\BackgroundJob\PollQuarantineJobRetryTest" file="/app/tests/unit/BackgroundJob/PollQuarantineJobRetryTest.php" tests="4" assertions="8" errors="0" failures="0" skipped="0" time="6.407463">
        <testcase name="testSucceedsOnFirstAttempt" file="/app/tests/unit/BackgroundJob/PollQuarantineJobRetryTest.php" line="43" class="OCA\SouveraShield\Tests\Unit\BackgroundJob\PollQuarantineJobRetryTest" classname="OCA.SouveraShield.Tests.Unit.BackgroundJob.PollQuarantineJobRetryTest" assertions="2" time="0.005730"/>
        <testcase name="testRetriesFourTimesOnTransientErrorsAndThenReturnsNull" file="/app/tests/unit/BackgroundJob/PollQuarantineJobRetryTest.php" line="59" class="OCA\SouveraShield\Tests\Unit\BackgroundJob\PollQuarantineJobRetryTest" classname="OCA.SouveraShield.Tests.Unit.BackgroundJob.PollQuarantineJobRetryTest" assertions="2" time="6.201013"/>
        <testcase name="testDoesNotRetryOnPermanentClientError" file="/app/tests/unit/BackgroundJob/PollQuarantineJobRetryTest.php" line="80" class="OCA\SouveraShield\Tests\Unit\BackgroundJob\PollQuarantineJobRetryTest" classname="OCA.SouveraShield.Tests.Unit.BackgroundJob.PollQuarantineJobRetryTest" assertions="2" time="0.000232"/>
        <testcase name="testRecoversAfterOneTransientError" file="/app/tests/unit/BackgroundJob/PollQuarantineJobRetryTest.php" line="96" class="OCA\SouveraShield\Tests\Unit\BackgroundJob\PollQuarantineJobRetryTest" classname="OCA.SouveraShield.Tests.Unit.BackgroundJob.PollQuarantineJobRetryTest" assertions="2" time="0.200488"/>
      </testsuite>
      <testsuite name="OCA\SouveraShield\Tests\Unit\Service\MailTestRelayConfigTest" file="/app/tests/unit/Service/MailTestRelayConfigTest.php" tests="11" assertions="30" errors="0" failures="0" skipped="0" time="0.001242">
        <testcase name="testFromFullSystemConfigYieldsRelayForHttpsUrl" file="/app/tests/unit/Service/MailTestRelayConfigTest.php" line="18" class="OCA\SouveraShield\Tests\Unit\Service\MailTestRelayConfigTest" classname="OCA.SouveraShield.Tests.Unit.Service.MailTestRelayConfigTest" assertions="6" time="0.000637"/>
        <testcase name="testMissingApiUrlYieldsNull" file="/app/tests/unit/Service/MailTestRelayConfigTest.php" line="32" class="OCA\SouveraShield\Tests\Unit\Service\MailTestRelayConfigTest" classname="OCA.SouveraShield.Tests.Unit.Service.MailTestRelayConfigTest" assertions="3" time="0.000069"/>
        <testcase name="testMissingAdminUserYieldsNull" file="/app/tests/unit/Service/MailTestRelayConfigTest.php" line="38" class="OCA\SouveraShield\Tests\Unit\Service\MailTestRelayConfigTest" classname="OCA.SouveraShield.Tests.Unit.Service.MailTestRelayConfigTest" assertions="3" time="0.000054"/>
        <testcase name="testMissingAdminPasswordYieldsNull" file="/app/tests/unit/Service/MailTestRelayConfigTest.php" line="44" class="OCA\SouveraShield\Tests\Unit\Service\MailTestRelayConfigTest" classname="OCA.SouveraShield.Tests.Unit.Service.MailTestRelayConfigTest" assertions="2" time="0.000051"/>
        <testcase name="testBareHostnameWithoutSchemeIsAccepted" file="/app/tests/unit/Service/MailTestRelayConfigTest.php" line="49" class="OCA\SouveraShield\Tests\Unit\Service\MailTestRelayConfigTest" classname="OCA.SouveraShield.Tests.Unit.Service.MailTestRelayConfigTest" assertions="2" time="0.000076"/>
        <testcase name="testBareHostnameWithPortStripsThePort" file="/app/tests/unit/Service/MailTestRelayConfigTest.php" line="55" class="OCA\SouveraShield\Tests\Unit\Service\MailTestRelayConfigTest" classname="OCA.SouveraShield.Tests.Unit.Service.MailTestRelayConfigTest" assertions="2" time="0.000077"/>
        <testcase name="testHttpSchemeYieldsPlainHost" file="/app/tests/unit/Service/MailTestRelayConfigTest.php" line="61" class="OCA\SouveraShield\Tests\Unit\Service\MailTestRelayConfigTest" classname="OCA.SouveraShield.Tests.Unit.Service.MailTestRelayConfigTest" assertions="2" time="0.000049"/>
        <testcase name="testWhitespaceIsTrimmed" file="/app/tests/unit/Service/MailTestRelayConfigTest.php" line="67" class="OCA\SouveraShield\Tests\Unit\Service\MailTestRelayConfigTest" classname="OCA.SouveraShield.Tests.Unit.Service.MailTestRelayConfigTest" assertions="3" time="0.000048"/>
        <testcase name="testPortOverrideIsHonored" file="/app/tests/unit/Service/MailTestRelayConfigTest.php" line="78" class="OCA\SouveraShield\Tests\Unit\Service\MailTestRelayConfigTest" classname="OCA.SouveraShield.Tests.Unit.Service.MailTestRelayConfigTest" assertions="3" time="0.000047"/>
        <testcase name="testInvalidPortOverrideFallsBackToDefault" file="/app/tests/unit/Service/MailTestRelayConfigTest.php" line="90" class="OCA\SouveraShield\Tests\Unit\Service\MailTestRelayConfigTest" classname="OCA.SouveraShield.Tests.Unit.Service.MailTestRelayConfigTest" assertions="2" time="0.000045"/>
        <testcase name="testPort465ImpliesImplicitTls" file="/app/tests/unit/Service/MailTestRelayConfigTest.php" line="101" class="OCA\SouveraShield\Tests\Unit\Service\MailTestRelayConfigTest" classname="OCA.SouveraShield.Tests.Unit.Service.MailTestRelayConfigTest" assertions="2" time="0.000090"/>
      </testsuite>
      <testsuite name="OCA\SouveraShield\Tests\Unit\Service\MailTestServiceDiagnosticsTest" file="/app/tests/unit/Service/MailTestServiceDiagnosticsTest.php" tests="9" assertions="32" errors="0" failures="0" skipped="0" time="0.002859">
        <testcase name="testConfigStageMentionsThreeSystemConfigKeys" file="/app/tests/unit/Service/MailTestServiceDiagnosticsTest.php" line="62" class="OCA\SouveraShield\Tests\Unit\Service\MailTestServiceDiagnosticsTest" classname="OCA.SouveraShield.Tests.Unit.Service.MailTestServiceDiagnosticsTest" assertions="5" time="0.001895"/>
        <testcase name="testConnectStageMentionsStalwartApiUrlAndPortKey" file="/app/tests/unit/Service/MailTestServiceDiagnosticsTest.php" line="76" class="OCA\SouveraShield\Tests\Unit\Service\MailTestServiceDiagnosticsTest" classname="OCA.SouveraShield.Tests.Unit.Service.MailTestServiceDiagnosticsTest" assertions="4" time="0.000123"/>
        <testcase name="testStarttlsStageMentionsPort465AndFallback" file="/app/tests/unit/Service/MailTestServiceDiagnosticsTest.php" line="87" class="OCA\SouveraShield\Tests\Unit\Service\MailTestServiceDiagnosticsTest" classname="OCA.SouveraShield.Tests.Unit.Service.MailTestServiceDiagnosticsTest" assertions="3" time="0.000098"/>
        <testcase name="testAuthStageMentionsAdminConfigKeys" file="/app/tests/unit/Service/MailTestServiceDiagnosticsTest.php" line="112" class="OCA\SouveraShield\Tests\Unit\Service\MailTestServiceDiagnosticsTest" classname="OCA.SouveraShield.Tests.Unit.Service.MailTestServiceDiagnosticsTest" assertions="4" time="0.000098"/>
        <testcase name="testFromStageMentionsAdminRole" file="/app/tests/unit/Service/MailTestServiceDiagnosticsTest.php" line="123" class="OCA\SouveraShield\Tests\Unit\Service\MailTestServiceDiagnosticsTest" classname="OCA.SouveraShield.Tests.Unit.Service.MailTestServiceDiagnosticsTest" assertions="3" time="0.000083"/>
        <testcase name="testRcptStageMentionsRelayPolicyAndAdminIdentity" file="/app/tests/unit/Service/MailTestServiceDiagnosticsTest.php" line="134" class="OCA\SouveraShield\Tests\Unit\Service\MailTestServiceDiagnosticsTest" classname="OCA.SouveraShield.Tests.Unit.Service.MailTestServiceDiagnosticsTest" assertions="3" time="0.000098"/>
        <testcase name="testDataStageMentionsContentFilter" file="/app/tests/unit/Service/MailTestServiceDiagnosticsTest.php" line="144" class="OCA\SouveraShield\Tests\Unit\Service\MailTestServiceDiagnosticsTest" classname="OCA.SouveraShield.Tests.Unit.Service.MailTestServiceDiagnosticsTest" assertions="2" time="0.000077"/>
        <testcase name="testUnknownStageReturnsRelayInfoAndRaw" file="/app/tests/unit/Service/MailTestServiceDiagnosticsTest.php" line="153" class="OCA\SouveraShield\Tests\Unit\Service\MailTestServiceDiagnosticsTest" classname="OCA.SouveraShield.Tests.Unit.Service.MailTestServiceDiagnosticsTest" assertions="3" time="0.000083"/>
        <testcase name="testTruncateForDbLimitsLongMessages" file="/app/tests/unit/Service/MailTestServiceDiagnosticsTest.php" line="163" class="OCA\SouveraShield\Tests\Unit\Service\MailTestServiceDiagnosticsTest" classname="OCA.SouveraShield.Tests.Unit.Service.MailTestServiceDiagnosticsTest" assertions="5" time="0.000304"/>
      </testsuite>
      <testsuite name="OCA\SouveraShield\Tests\Unit\Service\PMGClientTest" file="/app/tests/unit/Service/PMGClientTest.php" tests="7" assertions="15" errors="0" failures="0" skipped="0" time="0.002365">
        <testcase name="testIsAllowedDomain" file="/app/tests/unit/Service/PMGClientTest.php" line="70" class="OCA\SouveraShield\Tests\Unit\Service\PMGClientTest" classname="OCA.SouveraShield.Tests.Unit.Service.PMGClientTest" assertions="4" time="0.000879"/>
        <testcase name="testGetSpamQuarantineRejectsDisallowedDomain" file="/app/tests/unit/Service/PMGClientTest.php" line="85" class="OCA\SouveraShield\Tests\Unit\Service\PMGClientTest" classname="OCA.SouveraShield.Tests.Unit.Service.PMGClientTest" assertions="2" time="0.000317"/>
        <testcase name="testLoginFailureThrowsPMGException" file="/app/tests/unit/Service/PMGClientTest.php" line="99" class="OCA\SouveraShield\Tests\Unit\Service\PMGClientTest" classname="OCA.SouveraShield.Tests.Unit.Service.PMGClientTest" assertions="2" time="0.000297"/>
        <testcase name="testGetSpamQuarantineReturnsData" file="/app/tests/unit/Service/PMGClientTest.php" line="117" class="OCA\SouveraShield\Tests\Unit\Service\PMGClientTest" classname="OCA.SouveraShield.Tests.Unit.Service.PMGClientTest" assertions="3" time="0.000289"/>
        <testcase name="testAddToWhitelistBuildsCorrectPayload" file="/app/tests/unit/Service/PMGClientTest.php" line="148" class="OCA\SouveraShield\Tests\Unit\Service\PMGClientTest" classname="OCA.SouveraShield.Tests.Unit.Service.PMGClientTest" assertions="1" time="0.000161"/>
        <testcase name="testAddToWhitelistRejectsEmptyEntry" file="/app/tests/unit/Service/PMGClientTest.php" line="173" class="OCA\SouveraShield\Tests\Unit\Service\PMGClientTest" classname="OCA.SouveraShield.Tests.Unit.Service.PMGClientTest" assertions="1" time="0.000133"/>
        <testcase name="testEncryptedPasswordIsDecryptedOnRead" file="/app/tests/unit/Service/PMGClientTest.php" line="191" class="OCA\SouveraShield\Tests\Unit\Service\PMGClientTest" classname="OCA.SouveraShield.Tests.Unit.Service.PMGClientTest" assertions="2" time="0.000288"/>
      </testsuite>
      <testsuite name="OCA\SouveraShield\Tests\Unit\Service\ProviderToolsClientTest" file="/app/tests/unit/Service/ProviderToolsClientTest.php" tests="4" assertions="8" errors="0" failures="0" skipped="0" time="0.000805">
        <testcase name="testIsConfiguredReturnsFalseWhenCentralIsNotInstalled" file="/app/tests/unit/Service/ProviderToolsClientTest.php" line="59" class="OCA\SouveraShield\Tests\Unit\Service\ProviderToolsClientTest" classname="OCA.SouveraShield.Tests.Unit.Service.ProviderToolsClientTest" assertions="1" time="0.000399"/>
        <testcase name="testCheckDmarcThrowsWithClearMessageWhenCentralMissing" file="/app/tests/unit/Service/ProviderToolsClientTest.php" line="68" class="OCA\SouveraShield\Tests\Unit\Service\ProviderToolsClientTest" classname="OCA.SouveraShield.Tests.Unit.Service.ProviderToolsClientTest" assertions="3" time="0.000185"/>
        <testcase name="testCreateMailTestThrowsWithClearMessageWhenCentralMissing" file="/app/tests/unit/Service/ProviderToolsClientTest.php" line="83" class="OCA\SouveraShield\Tests\Unit\Service\ProviderToolsClientTest" classname="OCA.SouveraShield.Tests.Unit.Service.ProviderToolsClientTest" assertions="3" time="0.000137"/>
        <testcase name="testDefaultBaseUrlIsUsedWhenNoOverride" file="/app/tests/unit/Service/ProviderToolsClientTest.php" line="96" class="OCA\SouveraShield\Tests\Unit\Service\ProviderToolsClientTest" classname="OCA.SouveraShield.Tests.Unit.Service.ProviderToolsClientTest" assertions="1" time="0.000084"/>
      </testsuite>
    </testsuite>
  </testsuite>
</testsuites>
