<?xml version="1.0" encoding="UTF-8"?>
<testsuites>
  <testsuite name="/app/tests/phpunit.xml" tests="72" assertions="222" errors="0" failures="0" skipped="0" time="6.424547">
    <testsuite name="unit" tests="72" assertions="222" errors="0" failures="0" skipped="0" time="6.424547">
      <testsuite name="OCA\SouveraShield\Tests\Unit\BackgroundJob\PollQuarantineJobRetryTest" file="/app/tests/unit/BackgroundJob/PollQuarantineJobRetryTest.php" tests="4" assertions="8" errors="0" failures="0" skipped="0" time="6.407887">
        <testcase name="testSucceedsOnFirstAttempt" file="/app/tests/unit/BackgroundJob/PollQuarantineJobRetryTest.php" line="43" class="OCA\SouveraShield\Tests\Unit\BackgroundJob\PollQuarantineJobRetryTest" classname="OCA.SouveraShield.Tests.Unit.BackgroundJob.PollQuarantineJobRetryTest" assertions="2" time="0.006058"/>
        <testcase name="testRetriesFourTimesOnTransientErrorsAndThenReturnsNull" file="/app/tests/unit/BackgroundJob/PollQuarantineJobRetryTest.php" line="59" class="OCA\SouveraShield\Tests\Unit\BackgroundJob\PollQuarantineJobRetryTest" classname="OCA.SouveraShield.Tests.Unit.BackgroundJob.PollQuarantineJobRetryTest" assertions="2" time="6.201070"/>
        <testcase name="testDoesNotRetryOnPermanentClientError" file="/app/tests/unit/BackgroundJob/PollQuarantineJobRetryTest.php" line="80" class="OCA\SouveraShield\Tests\Unit\BackgroundJob\PollQuarantineJobRetryTest" classname="OCA.SouveraShield.Tests.Unit.BackgroundJob.PollQuarantineJobRetryTest" assertions="2" time="0.000257"/>
        <testcase name="testRecoversAfterOneTransientError" file="/app/tests/unit/BackgroundJob/PollQuarantineJobRetryTest.php" line="96" class="OCA\SouveraShield\Tests\Unit\BackgroundJob\PollQuarantineJobRetryTest" classname="OCA.SouveraShield.Tests.Unit.BackgroundJob.PollQuarantineJobRetryTest" assertions="2" time="0.200503"/>
      </testsuite>
      <testsuite name="OCA\SouveraShield\Tests\Unit\Dashboard\QuarantineWidgetInterfacesTest" file="/app/tests/unit/Dashboard/QuarantineWidgetInterfacesTest.php" tests="5" assertions="14" errors="0" failures="0" skipped="0" time="0.001400">
        <testcase name="testWidgetImplementsAllRequiredInterfaces" file="/app/tests/unit/Dashboard/QuarantineWidgetInterfacesTest.php" line="26" class="OCA\SouveraShield\Tests\Unit\Dashboard\QuarantineWidgetInterfacesTest" classname="OCA.SouveraShield.Tests.Unit.Dashboard.QuarantineWidgetInterfacesTest" assertions="3" time="0.000422"/>
        <testcase name="testWidgetHasGetItemsV2Method" file="/app/tests/unit/Dashboard/QuarantineWidgetInterfacesTest.php" line="36" class="OCA\SouveraShield\Tests\Unit\Dashboard\QuarantineWidgetInterfacesTest" classname="OCA.SouveraShield.Tests.Unit.Dashboard.QuarantineWidgetInterfacesTest" assertions="2" time="0.000072"/>
        <testcase name="testWidgetHasGetIconUrlMethod" file="/app/tests/unit/Dashboard/QuarantineWidgetInterfacesTest.php" line="45" class="OCA\SouveraShield\Tests\Unit\Dashboard\QuarantineWidgetInterfacesTest" classname="OCA.SouveraShield.Tests.Unit.Dashboard.QuarantineWidgetInterfacesTest" assertions="2" time="0.000052"/>
        <testcase name="testGetIconUrlPointsAtDedicatedDashboardSvg" file="/app/tests/unit/Dashboard/QuarantineWidgetInterfacesTest.php" line="54" class="OCA\SouveraShield\Tests\Unit\Dashboard\QuarantineWidgetInterfacesTest" classname="OCA.SouveraShield.Tests.Unit.Dashboard.QuarantineWidgetInterfacesTest" assertions="4" time="0.000712"/>
        <testcase name="testGetTitleReturnsShorterMailQuarantineLabel" file="/app/tests/unit/Dashboard/QuarantineWidgetInterfacesTest.php" line="66" class="OCA\SouveraShield\Tests\Unit\Dashboard\QuarantineWidgetInterfacesTest" classname="OCA.SouveraShield.Tests.Unit.Dashboard.QuarantineWidgetInterfacesTest" assertions="3" time="0.000143"/>
      </testsuite>
      <testsuite name="OCA\SouveraShield\Tests\Unit\Service\MailTestRelayConfigTest" file="/app/tests/unit/Service/MailTestRelayConfigTest.php" tests="9" assertions="33" errors="0" failures="0" skipped="0" time="0.000731">
        <testcase name="testFromStalwartHttpsUrlWithoutPortOverride" file="/app/tests/unit/Service/MailTestRelayConfigTest.php" line="23" class="OCA\SouveraShield\Tests\Unit\Service\MailTestRelayConfigTest" classname="OCA.SouveraShield.Tests.Unit.Service.MailTestRelayConfigTest" assertions="8" time="0.000229"/>
        <testcase name="testFromStalwartPortOverrideAsInt" file="/app/tests/unit/Service/MailTestRelayConfigTest.php" line="35" class="OCA\SouveraShield\Tests\Unit\Service\MailTestRelayConfigTest" classname="OCA.SouveraShield.Tests.Unit.Service.MailTestRelayConfigTest" assertions="4" time="0.000071"/>
        <testcase name="testFromStalwartPortOverrideAsString" file="/app/tests/unit/Service/MailTestRelayConfigTest.php" line="43" class="OCA\SouveraShield\Tests\Unit\Service\MailTestRelayConfigTest" classname="OCA.SouveraShield.Tests.Unit.Service.MailTestRelayConfigTest" assertions="3" time="0.000066"/>
        <testcase name="testFromStalwartPlainHostname" file="/app/tests/unit/Service/MailTestRelayConfigTest.php" line="50" class="OCA\SouveraShield\Tests\Unit\Service\MailTestRelayConfigTest" classname="OCA.SouveraShield.Tests.Unit.Service.MailTestRelayConfigTest" assertions="3" time="0.000103"/>
        <testcase name="testFromStalwartHostWithColonPort" file="/app/tests/unit/Service/MailTestRelayConfigTest.php" line="57" class="OCA\SouveraShield\Tests\Unit\Service\MailTestRelayConfigTest" classname="OCA.SouveraShield.Tests.Unit.Service.MailTestRelayConfigTest" assertions="3" time="0.000058"/>
        <testcase name="testMissingUrlYieldsNull" file="/app/tests/unit/Service/MailTestRelayConfigTest.php" line="64" class="OCA\SouveraShield\Tests\Unit\Service\MailTestRelayConfigTest" classname="OCA.SouveraShield.Tests.Unit.Service.MailTestRelayConfigTest" assertions="3" time="0.000046"/>
        <testcase name="testInvalidPortOverrideFallsBackTo587" file="/app/tests/unit/Service/MailTestRelayConfigTest.php" line="70" class="OCA\SouveraShield\Tests\Unit\Service\MailTestRelayConfigTest" classname="OCA.SouveraShield.Tests.Unit.Service.MailTestRelayConfigTest" assertions="2" time="0.000051"/>
        <testcase name="testZeroPortOverrideFallsBackTo587" file="/app/tests/unit/Service/MailTestRelayConfigTest.php" line="76" class="OCA\SouveraShield\Tests\Unit\Service\MailTestRelayConfigTest" classname="OCA.SouveraShield.Tests.Unit.Service.MailTestRelayConfigTest" assertions="2" time="0.000048"/>
        <testcase name="testAuthRequiredFollowsUser" file="/app/tests/unit/Service/MailTestRelayConfigTest.php" line="82" class="OCA\SouveraShield\Tests\Unit\Service\MailTestRelayConfigTest" classname="OCA.SouveraShield.Tests.Unit.Service.MailTestRelayConfigTest" assertions="5" time="0.000059"/>
      </testsuite>
      <testsuite name="OCA\SouveraShield\Tests\Unit\Service\MailTestServiceDiagnosticsTest" file="/app/tests/unit/Service/MailTestServiceDiagnosticsTest.php" tests="11" assertions="37" errors="0" failures="0" skipped="0" time="0.004454">
        <testcase name="testConfigStagePassesRawMessageThrough" file="/app/tests/unit/Service/MailTestServiceDiagnosticsTest.php" line="70" class="OCA\SouveraShield\Tests\Unit\Service\MailTestServiceDiagnosticsTest" classname="OCA.SouveraShield.Tests.Unit.Service.MailTestServiceDiagnosticsTest" assertions="2" time="0.002931"/>
        <testcase name="testProvisionStageNamesManagementApiAndConfigKeys" file="/app/tests/unit/Service/MailTestServiceDiagnosticsTest.php" line="79" class="OCA\SouveraShield\Tests\Unit\Service\MailTestServiceDiagnosticsTest" classname="OCA.SouveraShield.Tests.Unit.Service.MailTestServiceDiagnosticsTest" assertions="4" time="0.000154"/>
        <testcase name="testConnectStageMentionsStalwartAndPort" file="/app/tests/unit/Service/MailTestServiceDiagnosticsTest.php" line="90" class="OCA\SouveraShield\Tests\Unit\Service\MailTestServiceDiagnosticsTest" classname="OCA.SouveraShield.Tests.Unit.Service.MailTestServiceDiagnosticsTest" assertions="4" time="0.000121"/>
        <testcase name="testStarttlsStageMentionsStalwartCert" file="/app/tests/unit/Service/MailTestServiceDiagnosticsTest.php" line="101" class="OCA\SouveraShield\Tests\Unit\Service\MailTestServiceDiagnosticsTest" classname="OCA.SouveraShield.Tests.Unit.Service.MailTestServiceDiagnosticsTest" assertions="2" time="0.000110"/>
        <testcase name="testAuthStageExplainsSelfHealingAndSubmissionPort" file="/app/tests/unit/Service/MailTestServiceDiagnosticsTest.php" line="110" class="OCA\SouveraShield\Tests\Unit\Service\MailTestServiceDiagnosticsTest" classname="OCA.SouveraShield.Tests.Unit.Service.MailTestServiceDiagnosticsTest" assertions="3" time="0.000137"/>
        <testcase name="testFromStageMentionsCustomerDomain" file="/app/tests/unit/Service/MailTestServiceDiagnosticsTest.php" line="120" class="OCA\SouveraShield\Tests\Unit\Service\MailTestServiceDiagnosticsTest" classname="OCA.SouveraShield.Tests.Unit.Service.MailTestServiceDiagnosticsTest" assertions="4" time="0.000111"/>
        <testcase name="testRcptStageMentionsAuthenticatedRelayPolicy" file="/app/tests/unit/Service/MailTestServiceDiagnosticsTest.php" line="133" class="OCA\SouveraShield\Tests\Unit\Service\MailTestServiceDiagnosticsTest" classname="OCA.SouveraShield.Tests.Unit.Service.MailTestServiceDiagnosticsTest" assertions="4" time="0.000110"/>
        <testcase name="testDataStageMentionsStalwartLog" file="/app/tests/unit/Service/MailTestServiceDiagnosticsTest.php" line="144" class="OCA\SouveraShield\Tests\Unit\Service\MailTestServiceDiagnosticsTest" classname="OCA.SouveraShield.Tests.Unit.Service.MailTestServiceDiagnosticsTest" assertions="2" time="0.000096"/>
        <testcase name="testUnknownStageReturnsRelayInfoAndRaw" file="/app/tests/unit/Service/MailTestServiceDiagnosticsTest.php" line="153" class="OCA\SouveraShield\Tests\Unit\Service\MailTestServiceDiagnosticsTest" classname="OCA.SouveraShield.Tests.Unit.Service.MailTestServiceDiagnosticsTest" assertions="4" time="0.000104"/>
        <testcase name="testTruncateForDbLimitsLongMessages" file="/app/tests/unit/Service/MailTestServiceDiagnosticsTest.php" line="164" class="OCA\SouveraShield\Tests\Unit\Service\MailTestServiceDiagnosticsTest" classname="OCA.SouveraShield.Tests.Unit.Service.MailTestServiceDiagnosticsTest" assertions="5" time="0.000379"/>
        <testcase name="testDeriveSenderAddressDefaultsToPostmaster" file="/app/tests/unit/Service/MailTestServiceDiagnosticsTest.php" line="180" class="OCA\SouveraShield\Tests\Unit\Service\MailTestServiceDiagnosticsTest" classname="OCA.SouveraShield.Tests.Unit.Service.MailTestServiceDiagnosticsTest" assertions="3" time="0.000200"/>
      </testsuite>
      <testsuite name="OCA\SouveraShield\Tests\Unit\Service\MailTestServiceSelfHealingTest" file="/app/tests/unit/Service/MailTestServiceSelfHealingTest.php" tests="3" assertions="6" errors="0" failures="0" skipped="0" time="0.000737">
        <testcase name="testAuthFailureTriggersReprovisionAndRetry" file="/app/tests/unit/Service/MailTestServiceSelfHealingTest.php" line="69" class="OCA\SouveraShield\Tests\Unit\Service\MailTestServiceSelfHealingTest" classname="OCA.SouveraShield.Tests.Unit.Service.MailTestServiceSelfHealingTest" assertions="2" time="0.000344"/>
        <testcase name="testFreshlyProvisionedMailboxDoesNotRetry" file="/app/tests/unit/Service/MailTestServiceSelfHealingTest.php" line="89" class="OCA\SouveraShield\Tests\Unit\Service\MailTestServiceSelfHealingTest" classname="OCA.SouveraShield.Tests.Unit.Service.MailTestServiceSelfHealingTest" assertions="2" time="0.000268"/>
        <testcase name="testNonAuthFailureIsNotSelfHealed" file="/app/tests/unit/Service/MailTestServiceSelfHealingTest.php" line="102" class="OCA\SouveraShield\Tests\Unit\Service\MailTestServiceSelfHealingTest" classname="OCA.SouveraShield.Tests.Unit.Service.MailTestServiceSelfHealingTest" assertions="2" time="0.000125"/>
      </testsuite>
      <testsuite name="OCA\SouveraShield\Tests\Unit\Service\PMGClientTest" file="/app/tests/unit/Service/PMGClientTest.php" tests="7" assertions="15" errors="0" failures="0" skipped="0" time="0.001898">
        <testcase name="testIsAllowedDomain" file="/app/tests/unit/Service/PMGClientTest.php" line="70" class="OCA\SouveraShield\Tests\Unit\Service\PMGClientTest" classname="OCA.SouveraShield.Tests.Unit.Service.PMGClientTest" assertions="4" time="0.000433"/>
        <testcase name="testGetSpamQuarantineRejectsDisallowedDomain" file="/app/tests/unit/Service/PMGClientTest.php" line="85" class="OCA\SouveraShield\Tests\Unit\Service\PMGClientTest" classname="OCA.SouveraShield.Tests.Unit.Service.PMGClientTest" assertions="2" time="0.000217"/>
        <testcase name="testLoginFailureThrowsPMGException" file="/app/tests/unit/Service/PMGClientTest.php" line="99" class="OCA\SouveraShield\Tests\Unit\Service\PMGClientTest" classname="OCA.SouveraShield.Tests.Unit.Service.PMGClientTest" assertions="2" time="0.000295"/>
        <testcase name="testGetSpamQuarantineReturnsData" file="/app/tests/unit/Service/PMGClientTest.php" line="117" class="OCA\SouveraShield\Tests\Unit\Service\PMGClientTest" classname="OCA.SouveraShield.Tests.Unit.Service.PMGClientTest" assertions="3" time="0.000340"/>
        <testcase name="testAddToWhitelistBuildsCorrectPayload" file="/app/tests/unit/Service/PMGClientTest.php" line="148" class="OCA\SouveraShield\Tests\Unit\Service\PMGClientTest" classname="OCA.SouveraShield.Tests.Unit.Service.PMGClientTest" assertions="1" time="0.000165"/>
        <testcase name="testAddToWhitelistRejectsEmptyEntry" file="/app/tests/unit/Service/PMGClientTest.php" line="173" class="OCA\SouveraShield\Tests\Unit\Service\PMGClientTest" classname="OCA.SouveraShield.Tests.Unit.Service.PMGClientTest" assertions="1" time="0.000142"/>
        <testcase name="testEncryptedPasswordIsDecryptedOnRead" file="/app/tests/unit/Service/PMGClientTest.php" line="191" class="OCA\SouveraShield\Tests\Unit\Service\PMGClientTest" classname="OCA.SouveraShield.Tests.Unit.Service.PMGClientTest" assertions="2" time="0.000306"/>
      </testsuite>
      <testsuite name="OCA\SouveraShield\Tests\Unit\Service\ProviderToolsClientTest" file="/app/tests/unit/Service/ProviderToolsClientTest.php" tests="4" assertions="8" errors="0" failures="0" skipped="0" time="0.000795">
        <testcase name="testIsConfiguredReturnsFalseWhenCentralIsNotInstalled" file="/app/tests/unit/Service/ProviderToolsClientTest.php" line="59" class="OCA\SouveraShield\Tests\Unit\Service\ProviderToolsClientTest" classname="OCA.SouveraShield.Tests.Unit.Service.ProviderToolsClientTest" assertions="1" time="0.000352"/>
        <testcase name="testCheckDmarcThrowsWithClearMessageWhenCentralMissing" file="/app/tests/unit/Service/ProviderToolsClientTest.php" line="68" class="OCA\SouveraShield\Tests\Unit\Service\ProviderToolsClientTest" classname="OCA.SouveraShield.Tests.Unit.Service.ProviderToolsClientTest" assertions="3" time="0.000221"/>
        <testcase name="testCreateMailTestThrowsWithClearMessageWhenCentralMissing" file="/app/tests/unit/Service/ProviderToolsClientTest.php" line="83" class="OCA\SouveraShield\Tests\Unit\Service\ProviderToolsClientTest" classname="OCA.SouveraShield.Tests.Unit.Service.ProviderToolsClientTest" assertions="3" time="0.000135"/>
        <testcase name="testDefaultBaseUrlIsUsedWhenNoOverride" file="/app/tests/unit/Service/ProviderToolsClientTest.php" line="96" class="OCA\SouveraShield\Tests\Unit\Service\ProviderToolsClientTest" classname="OCA.SouveraShield.Tests.Unit.Service.ProviderToolsClientTest" assertions="1" time="0.000087"/>
      </testsuite>
      <testsuite name="OCA\SouveraShield\Tests\Unit\Service\Reputation\DmarcInsightServiceTest" file="/app/tests/unit/Service/Reputation/DmarcInsightServiceTest.php" tests="6" assertions="24" errors="0" failures="0" skipped="0" time="0.001489">
        <testcase name="testProviderBreakdownBucketsReportersCorrectly" file="/app/tests/unit/Service/Reputation/DmarcInsightServiceTest.php" line="20" class="OCA\SouveraShield\Tests\Unit\Service\Reputation\DmarcInsightServiceTest" classname="OCA.SouveraShield.Tests.Unit.Service.Reputation.DmarcInsightServiceTest" assertions="9" time="0.000567"/>
        <testcase name="testProviderWithoutReportsReportsNoData" file="/app/tests/unit/Service/Reputation/DmarcInsightServiceTest.php" line="47" class="OCA\SouveraShield\Tests\Unit\Service\Reputation\DmarcInsightServiceTest" classname="OCA.SouveraShield.Tests.Unit.Service.Reputation.DmarcInsightServiceTest" assertions="3" time="0.000083"/>
        <testcase name="testClassifySourcesLegitUnknownAbusive" file="/app/tests/unit/Service/Reputation/DmarcInsightServiceTest.php" line="57" class="OCA\SouveraShield\Tests\Unit\Service\Reputation\DmarcInsightServiceTest" classname="OCA.SouveraShield.Tests.Unit.Service.Reputation.DmarcInsightServiceTest" assertions="5" time="0.000086"/>
        <testcase name="testDetectAnomaliesFindsVolumeSpike" file="/app/tests/unit/Service/Reputation/DmarcInsightServiceTest.php" line="78" class="OCA\SouveraShield\Tests\Unit\Service\Reputation\DmarcInsightServiceTest" classname="OCA.SouveraShield.Tests.Unit.Service.Reputation.DmarcInsightServiceTest" assertions="3" time="0.000538"/>
        <testcase name="testDetectAnomaliesQuietBaselineHasNoSpike" file="/app/tests/unit/Service/Reputation/DmarcInsightServiceTest.php" line="98" class="OCA\SouveraShield\Tests\Unit\Service\Reputation\DmarcInsightServiceTest" classname="OCA.SouveraShield.Tests.Unit.Service.Reputation.DmarcInsightServiceTest" assertions="1" time="0.000104"/>
        <testcase name="testDetectAnomaliesFlagsAbusiveSources" file="/app/tests/unit/Service/Reputation/DmarcInsightServiceTest.php" line="108" class="OCA\SouveraShield\Tests\Unit\Service\Reputation\DmarcInsightServiceTest" classname="OCA.SouveraShield.Tests.Unit.Service.Reputation.DmarcInsightServiceTest" assertions="3" time="0.000111"/>
      </testsuite>
      <testsuite name="OCA\SouveraShield\Tests\Unit\Service\Reputation\IncidentServiceTest" file="/app/tests/unit/Service/Reputation/IncidentServiceTest.php" tests="7" assertions="27" errors="0" failures="0" skipped="0" time="0.002004">
        <testcase name="testFailedBlacklistCheckRaisesCriticalIncident" file="/app/tests/unit/Service/Reputation/IncidentServiceTest.php" line="61" class="OCA\SouveraShield\Tests\Unit\Service\Reputation\IncidentServiceTest" classname="OCA.SouveraShield.Tests.Unit.Service.Reputation.IncidentServiceTest" assertions="7" time="0.001134"/>
        <testcase name="testLowDmarcPassRateRaisesAuthIncident" file="/app/tests/unit/Service/Reputation/IncidentServiceTest.php" line="82" class="OCA\SouveraShield\Tests\Unit\Service\Reputation\IncidentServiceTest" classname="OCA.SouveraShield.Tests.Unit.Service.Reputation.IncidentServiceTest" assertions="3" time="0.000135"/>
        <testcase name="testAnomalySpikeRaisesCompromiseWarning" file="/app/tests/unit/Service/Reputation/IncidentServiceTest.php" line="93" class="OCA\SouveraShield\Tests\Unit\Service\Reputation\IncidentServiceTest" classname="OCA.SouveraShield.Tests.Unit.Service.Reputation.IncidentServiceTest" assertions="2" time="0.000112"/>
        <testcase name="testFailedDispatchRaisesMailTestIncidentWithDiagnosis" file="/app/tests/unit/Service/Reputation/IncidentServiceTest.php" line="105" class="OCA\SouveraShield\Tests\Unit\Service\Reputation\IncidentServiceTest" classname="OCA.SouveraShield.Tests.Unit.Service.Reputation.IncidentServiceTest" assertions="1" time="0.000185"/>
        <testcase name="testRedetectionUpdatesInsteadOfDuplicating" file="/app/tests/unit/Service/Reputation/IncidentServiceTest.php" line="118" class="OCA\SouveraShield\Tests\Unit\Service\Reputation\IncidentServiceTest" classname="OCA.SouveraShield.Tests.Unit.Service.Reputation.IncidentServiceTest" assertions="4" time="0.000143"/>
        <testcase name="testClearedConditionAutoResolvesAndReopensOnReturn" file="/app/tests/unit/Service/Reputation/IncidentServiceTest.php" line="132" class="OCA\SouveraShield\Tests\Unit\Service\Reputation\IncidentServiceTest" classname="OCA.SouveraShield.Tests.Unit.Service.Reputation.IncidentServiceTest" assertions="7" time="0.000178"/>
        <testcase name="testManualResolveAppendsMeasure" file="/app/tests/unit/Service/Reputation/IncidentServiceTest.php" line="159" class="OCA\SouveraShield\Tests\Unit\Service\Reputation\IncidentServiceTest" classname="OCA.SouveraShield.Tests.Unit.Service.Reputation.IncidentServiceTest" assertions="3" time="0.000117"/>
      </testsuite>
      <testsuite name="OCA\SouveraShield\Tests\Unit\Service\Reputation\ReputationScoreServiceTest" file="/app/tests/unit/Service/Reputation/ReputationScoreServiceTest.php" tests="6" assertions="16" errors="0" failures="0" skipped="0" time="0.001368">
        <testcase name="testInsufficientDataYieldsNullScoreNeverFake" file="/app/tests/unit/Service/Reputation/ReputationScoreServiceTest.php" line="43" class="OCA\SouveraShield\Tests\Unit\Service\Reputation\ReputationScoreServiceTest" classname="OCA.SouveraShield.Tests.Unit.Service.Reputation.ReputationScoreServiceTest" assertions="6" time="0.000692"/>
        <testcase name="testHealthySetupScoresHigh" file="/app/tests/unit/Service/Reputation/ReputationScoreServiceTest.php" line="65" class="OCA\SouveraShield\Tests\Unit\Service\Reputation\ReputationScoreServiceTest" classname="OCA.SouveraShield.Tests.Unit.Service.Reputation.ReputationScoreServiceTest" assertions="3" time="0.000267"/>
        <testcase name="testCriticalBlacklistListingDragsScoreDown" file="/app/tests/unit/Service/Reputation/ReputationScoreServiceTest.php" line="85" class="OCA\SouveraShield\Tests\Unit\Service\Reputation\ReputationScoreServiceTest" classname="OCA.SouveraShield.Tests.Unit.Service.Reputation.ReputationScoreServiceTest" assertions="2" time="0.000110"/>
        <testcase name="testOpenIncidentsReduceIncidentComponent" file="/app/tests/unit/Service/Reputation/ReputationScoreServiceTest.php" line="107" class="OCA\SouveraShield\Tests\Unit\Service\Reputation\ReputationScoreServiceTest" classname="OCA.SouveraShield.Tests.Unit.Service.Reputation.ReputationScoreServiceTest" assertions="1" time="0.000094"/>
        <testcase name="testMailTestScoreIsNormalisedFromTenScale" file="/app/tests/unit/Service/Reputation/ReputationScoreServiceTest.php" line="123" class="OCA\SouveraShield\Tests\Unit\Service\Reputation\ReputationScoreServiceTest" classname="OCA.SouveraShield.Tests.Unit.Service.Reputation.ReputationScoreServiceTest" assertions="2" time="0.000102"/>
        <testcase name="testInfoAndNodataChecksAreNotScored" file="/app/tests/unit/Service/Reputation/ReputationScoreServiceTest.php" line="139" class="OCA\SouveraShield\Tests\Unit\Service\Reputation\ReputationScoreServiceTest" classname="OCA.SouveraShield.Tests.Unit.Service.Reputation.ReputationScoreServiceTest" assertions="2" time="0.000103"/>
      </testsuite>
      <testsuite name="OCA\SouveraShield\Tests\Unit\Service\SouveraCentralConfigTest" file="/app/tests/unit/Service/SouveraCentralConfigTest.php" tests="3" assertions="5" errors="0" failures="0" skipped="0" time="0.000205">
        <testcase name="testNestedArrayLayout" file="/app/tests/unit/Service/SouveraCentralConfigTest.php" line="12" class="OCA\SouveraShield\Tests\Unit\Service\SouveraCentralConfigTest" classname="OCA.SouveraShield.Tests.Unit.Service.SouveraCentralConfigTest" assertions="2" time="0.000086"/>
        <testcase name="testFlatDottedLayout" file="/app/tests/unit/Service/SouveraCentralConfigTest.php" line="30" class="OCA\SouveraShield\Tests\Unit\Service\SouveraCentralConfigTest" classname="OCA.SouveraShield.Tests.Unit.Service.SouveraCentralConfigTest" assertions="2" time="0.000064"/>
        <testcase name="testReturnsNullWhenNothingConfigured" file="/app/tests/unit/Service/SouveraCentralConfigTest.php" line="47" class="OCA\SouveraShield\Tests\Unit\Service\SouveraCentralConfigTest" classname="OCA.SouveraShield.Tests.Unit.Service.SouveraCentralConfigTest" assertions="1" time="0.000055"/>
      </testsuite>
      <testsuite name="OCA\SouveraShield\Tests\Unit\Service\StalwartAdminClientTest" file="/app/tests/unit/Service/StalwartAdminClientTest.php" tests="7" assertions="29" errors="0" failures="0" skipped="0" time="0.001580">
        <testcase name="testCreatesAccountWhenMissing" file="/app/tests/unit/Service/StalwartAdminClientTest.php" line="65" class="OCA\SouveraShield\Tests\Unit\Service\StalwartAdminClientTest" classname="OCA.SouveraShield.Tests.Unit.Service.StalwartAdminClientTest" assertions="16" time="0.000466"/>
        <testcase name="testRotatesPasswordWhenAccountExists" file="/app/tests/unit/Service/StalwartAdminClientTest.php" line="100" class="OCA\SouveraShield\Tests\Unit\Service\StalwartAdminClientTest" classname="OCA.SouveraShield.Tests.Unit.Service.StalwartAdminClientTest" assertions="3" time="0.000214"/>
        <testcase name="testMissingDomainYieldsActionableError" file="/app/tests/unit/Service/StalwartAdminClientTest.php" line="119" class="OCA\SouveraShield\Tests\Unit\Service\StalwartAdminClientTest" classname="OCA.SouveraShield.Tests.Unit.Service.StalwartAdminClientTest" assertions="2" time="0.000322"/>
        <testcase name="testHttp401NamesAdminCredentialKeys" file="/app/tests/unit/Service/StalwartAdminClientTest.php" line="131" class="OCA\SouveraShield\Tests\Unit\Service\StalwartAdminClientTest" classname="OCA.SouveraShield.Tests.Unit.Service.StalwartAdminClientTest" assertions="2" time="0.000140"/>
        <testcase name="testJmapErrorResponseIsSurfaced" file="/app/tests/unit/Service/StalwartAdminClientTest.php" line="146" class="OCA\SouveraShield\Tests\Unit\Service\StalwartAdminClientTest" classname="OCA.SouveraShield.Tests.Unit.Service.StalwartAdminClientTest" assertions="2" time="0.000125"/>
        <testcase name="testNotCreatedResponseIsRejected" file="/app/tests/unit/Service/StalwartAdminClientTest.php" line="161" class="OCA\SouveraShield\Tests\Unit\Service\StalwartAdminClientTest" classname="OCA.SouveraShield.Tests.Unit.Service.StalwartAdminClientTest" assertions="2" time="0.000205"/>
        <testcase name="testMissingConfigFailsFast" file="/app/tests/unit/Service/StalwartAdminClientTest.php" line="174" class="OCA\SouveraShield\Tests\Unit\Service\StalwartAdminClientTest" classname="OCA.SouveraShield.Tests.Unit.Service.StalwartAdminClientTest" assertions="2" time="0.000108"/>
      </testsuite>
    </testsuite>
  </testsuite>
</testsuites>
